Mon 20 Feb 2023 00:54:51 INFO  
General Hyper Parameters:
gpu_id = 0
use_gpu = True
seed = 0
state = INFO
reproducibility = True
data_path = dataset/ml-1m
checkpoint_dir = saved
show_progress = False
save_dataset = False
dataset_save_path = None
save_dataloaders = True
dataloaders_save_path = None
log_wandb = False

Training Hyper Parameters:
epochs = 500
train_batch_size = 1024
learner = adam
learning_rate = 0.001
neg_sampling = None
eval_step = 1
stopping_step = 10
clip_grad_norm = None
weight_decay = 0
loss_decimal_place = 4

Evaluation Hyper Parameters:
eval_args = {'split': {'RS': [0.8, 0.1, 0.1]}, 'group_by': 'user', 'order': 'RO', 'mode': 'full'}
repeatable = False
metrics = ['Recall', 'NDCG']
topk = [10, 20, 50]
valid_metric = NDCG@20
valid_metric_bigger = True
eval_batch_size = 1048576
metric_decimal_place = 15

Dataset Hyper Parameters:
field_separator = 	
seq_separator =  
USER_ID_FIELD = user_id
ITEM_ID_FIELD = item_id
RATING_FIELD = rating
TIME_FIELD = timestamp
seq_len = None
LABEL_FIELD = label
threshold = None
NEG_PREFIX = neg_
load_col = {'inter': ['user_id', 'item_id', 'timestamp']}
unload_col = None
unused_col = None
additional_feat_suffix = None
rm_dup_inter = last
val_interval = None
filter_inter_by_user_or_item = True
user_inter_num_interval = [5,inf)
item_inter_num_interval = [5,inf)
alias_of_user_id = None
alias_of_item_id = None
alias_of_entity_id = None
alias_of_relation_id = None
preload_weight = None
normalize_field = None
normalize_all = True
ITEM_LIST_LENGTH_FIELD = item_length
LIST_SUFFIX = _list
MAX_ITEM_LIST_LENGTH = 50
POSITION_FIELD = position_id
HEAD_ENTITY_ID_FIELD = head_id
TAIL_ENTITY_ID_FIELD = tail_id
RELATION_ID_FIELD = relation_id
ENTITY_ID_FIELD = entity_id
benchmark_filename = ['p1', 'p2', 'p3']

Other Hyper Parameters: 
save_pos_pairs = True
pos_pairs_save_path = None
wandb_project = recbole
require_pow = False
embedding_size = 64
encoder = MF
n_layers = 2
gamma = 1
MODEL_TYPE = ModelType.GENERAL
eval = unbiased
MODEL_INPUT_TYPE = InputType.POINTWISE
eval_type = EvaluatorType.RANKING
device = cuda
train_neg_sample_args = {'strategy': 'none', 'in_batch': False}
eval_neg_sample_args = {'strategy': 'full', 'distribution': 'uniform'}


Mon 20 Feb 2023 00:54:54 INFO  ml-1m
The number of users: 6041
Average actions of users: 165.5975165562914
The number of items: 3707
Average actions of items: 269.88909875876953
The number of inters: 1000209
The sparsity of the dataset: 95.53358229599758%
Remain Fields: ['user_id', 'item_id']
Mon 20 Feb 2023 00:54:56 INFO  [Training]: train_batch_size = [1024] negative sampling: [None]
Mon 20 Feb 2023 00:54:56 INFO  [Evaluation]: eval_batch_size = [1048576] eval_args: [{'split': {'RS': [0.8, 0.1, 0.1]}, 'group_by': 'user', 'order': 'RO', 'mode': 'full'}]
Mon 20 Feb 2023 00:54:58 INFO  DirectAU(
  (encoder): MFEncoder(
    (user_embedding): Embedding(6041, 64)
    (item_embedding): Embedding(3707, 64)
  )
)
Trainable parameters: 623872
Mon 20 Feb 2023 00:55:43 INFO  epoch 0 training [time: 41.90s, train loss: -974.6863]
Mon 20 Feb 2023 00:55:44 INFO  epoch 0 evaluating [time: 1.18s, valid_score: 0.000024]
Mon 20 Feb 2023 00:55:44 INFO  valid result: 
recall@10 : 1.1642489182e-05    recall@20 : 2.0874182839e-05    recall@50 : 4.5736504638e-05    ndcg@10 : 2.2805128211e-05    ndcg@20 : 2.3909139542e-05    ndcg@50 : 3.1263464485e-05
Mon 20 Feb 2023 00:55:44 INFO  Saving current: saved/DirectAU-ml-1m-Feb-20-2023_00-55-01.pth
Mon 20 Feb 2023 00:56:25 INFO  epoch 1 training [time: 41.57s, train loss: -1121.3309]
Mon 20 Feb 2023 00:56:26 INFO  epoch 1 evaluating [time: 0.27s, valid_score: 0.000044]
Mon 20 Feb 2023 00:56:26 INFO  valid result: 
recall@10 : 2.2626031372e-05    recall@20 : 3.5672316372e-05    recall@50 : 7.2148689762e-05    ndcg@10 : 4.4407286296e-05    ndcg@20 : 4.3588899644e-05    ndcg@50 : 5.3630608412e-05
Mon 20 Feb 2023 00:56:26 INFO  Saving current: saved/DirectAU-ml-1m-Feb-20-2023_00-55-01.pth
Mon 20 Feb 2023 00:57:07 INFO  epoch 2 training [time: 41.68s, train loss: -1146.2305]
Mon 20 Feb 2023 00:57:08 INFO  epoch 2 evaluating [time: 0.22s, valid_score: 0.000045]
Mon 20 Feb 2023 00:57:08 INFO  valid result: 
recall@10 : 2.4481057263e-05    recall@20 : 4.1182743834e-05    recall@50 : 8.5674190522e-05    ndcg@10 : 4.3240897723e-05    ndcg@20 : 4.5407182358e-05    ndcg@50 : 5.9252113562e-05
Mon 20 Feb 2023 00:57:08 INFO  Saving current: saved/DirectAU-ml-1m-Feb-20-2023_00-55-01.pth
Mon 20 Feb 2023 00:57:49 INFO  epoch 3 training [time: 41.82s, train loss: -1156.8784]
Mon 20 Feb 2023 00:57:50 INFO  epoch 3 evaluating [time: 0.28s, valid_score: 0.000047]
Mon 20 Feb 2023 00:57:50 INFO  valid result: 
recall@10 : 2.5651186564e-05    recall@20 : 4.3534440627e-05    recall@50 : 8.4322672206e-05    ndcg@10 : 4.6123500034e-05    ndcg@20 : 4.708582691e-05    ndcg@50 : 5.9633967922e-05
Mon 20 Feb 2023 00:57:50 INFO  Saving current: saved/DirectAU-ml-1m-Feb-20-2023_00-55-01.pth
Mon 20 Feb 2023 00:58:32 INFO  epoch 4 training [time: 42.10s, train loss: -1162.9358]
Mon 20 Feb 2023 00:58:32 INFO  epoch 4 evaluating [time: 0.22s, valid_score: 0.000050]
Mon 20 Feb 2023 00:58:32 INFO  valid result: 
recall@10 : 2.7385948961e-05    recall@20 : 4.6310078882e-05    recall@50 : 8.7932915506e-05    ndcg@10 : 4.8332302746e-05    ndcg@20 : 5.0363853097e-05    ndcg@50 : 6.2103151472e-05
Mon 20 Feb 2023 00:58:32 INFO  Saving current: saved/DirectAU-ml-1m-Feb-20-2023_00-55-01.pth
Mon 20 Feb 2023 00:59:14 INFO  epoch 5 training [time: 42.09s, train loss: -1167.0951]
Mon 20 Feb 2023 00:59:14 INFO  epoch 5 evaluating [time: 0.22s, valid_score: 0.000053]
Mon 20 Feb 2023 00:59:14 INFO  valid result: 
recall@10 : 2.7289601858e-05    recall@20 : 4.574143632e-05    recall@50 : 9.2756324277e-05    ndcg@10 : 5.140614594e-05    ndcg@20 : 5.3295242261e-05    ndcg@50 : 6.5323877321e-05
Mon 20 Feb 2023 00:59:14 INFO  Saving current: saved/DirectAU-ml-1m-Feb-20-2023_00-55-01.pth
Mon 20 Feb 2023 00:59:57 INFO  epoch 6 training [time: 42.09s, train loss: -1170.1762]
Mon 20 Feb 2023 00:59:57 INFO  epoch 6 evaluating [time: 0.21s, valid_score: 0.000053]
Mon 20 Feb 2023 00:59:57 INFO  valid result: 
recall@10 : 2.8219994715e-05    recall@20 : 4.8226500289e-05    recall@50 : 9.2629329296e-05    ndcg@10 : 4.9926167869e-05    ndcg@20 : 5.2979652235e-05    ndcg@50 : 6.5111283654e-05
Mon 20 Feb 2023 01:00:39 INFO  epoch 7 training [time: 42.09s, train loss: -1172.6850]
Mon 20 Feb 2023 01:00:39 INFO  epoch 7 evaluating [time: 0.22s, valid_score: 0.000055]
Mon 20 Feb 2023 01:00:39 INFO  valid result: 
recall@10 : 2.883727913e-05    recall@20 : 4.9180012648e-05    recall@50 : 9.3101405719e-05    ndcg@10 : 5.1914687472e-05    ndcg@20 : 5.4611878039e-05    ndcg@50 : 6.5494958574e-05
Mon 20 Feb 2023 01:00:39 INFO  Saving current: saved/DirectAU-ml-1m-Feb-20-2023_00-55-01.pth
Mon 20 Feb 2023 01:01:22 INFO  epoch 8 training [time: 42.38s, train loss: -1174.7028]
Mon 20 Feb 2023 01:01:22 INFO  epoch 8 evaluating [time: 0.22s, valid_score: 0.000055]
Mon 20 Feb 2023 01:01:22 INFO  valid result: 
recall@10 : 2.8618269681e-05    recall@20 : 4.8186833635e-05    recall@50 : 9.1362212273e-05    ndcg@10 : 5.3175476761e-05    ndcg@20 : 5.4815425916e-05    ndcg@50 : 6.520919199e-05
Mon 20 Feb 2023 01:01:22 INFO  Saving current: saved/DirectAU-ml-1m-Feb-20-2023_00-55-01.pth
Mon 20 Feb 2023 01:02:04 INFO  epoch 9 training [time: 42.41s, train loss: -1176.4181]
Mon 20 Feb 2023 01:02:04 INFO  epoch 9 evaluating [time: 0.22s, valid_score: 0.000057]
Mon 20 Feb 2023 01:02:04 INFO  valid result: 
recall@10 : 3.00142003e-05    recall@20 : 5.2682179342e-05    recall@50 : 9.3609802323e-05    ndcg@10 : 5.5575727889e-05    ndcg@20 : 5.7303130029e-05    ndcg@50 : 6.7344194555e-05
Mon 20 Feb 2023 01:02:04 INFO  Saving current: saved/DirectAU-ml-1m-Feb-20-2023_00-55-01.pth
Mon 20 Feb 2023 01:02:47 INFO  epoch 10 training [time: 42.70s, train loss: -1177.9885]
Mon 20 Feb 2023 01:02:47 INFO  epoch 10 evaluating [time: 0.22s, valid_score: 0.000057]
Mon 20 Feb 2023 01:02:47 INFO  valid result: 
recall@10 : 3.0543851827e-05    recall@20 : 5.1801334561e-05    recall@50 : 9.3786878396e-05    ndcg@10 : 5.4822761336e-05    ndcg@20 : 5.6754759073e-05    ndcg@50 : 6.6964251492e-05
Mon 20 Feb 2023 01:03:30 INFO  epoch 11 training [time: 42.86s, train loss: -1179.3927]
Mon 20 Feb 2023 01:03:30 INFO  epoch 11 evaluating [time: 0.22s, valid_score: 0.000057]
Mon 20 Feb 2023 01:03:30 INFO  valid result: 
recall@10 : 3.1035252796e-05    recall@20 : 5.1217445298e-05    recall@50 : 9.4530008213e-05    ndcg@10 : 5.5277831499e-05    ndcg@20 : 5.7048642361e-05    ndcg@50 : 6.7686438413e-05
Mon 20 Feb 2023 01:04:13 INFO  epoch 12 training [time: 42.92s, train loss: -1180.5574]
Mon 20 Feb 2023 01:04:14 INFO  epoch 12 evaluating [time: 0.21s, valid_score: 0.000057]
Mon 20 Feb 2023 01:04:14 INFO  valid result: 
recall@10 : 3.0836276041e-05    recall@20 : 5.1634082247e-05    recall@50 : 9.4493235878e-05    ndcg@10 : 5.5015415741e-05    ndcg@20 : 5.6621416919e-05    ndcg@50 : 6.7390902037e-05
Mon 20 Feb 2023 01:04:57 INFO  epoch 13 training [time: 42.97s, train loss: -1181.6151]
Mon 20 Feb 2023 01:04:57 INFO  epoch 13 evaluating [time: 0.27s, valid_score: 0.000056]
Mon 20 Feb 2023 01:04:57 INFO  valid result: 
recall@10 : 3.1366905238e-05    recall@20 : 5.1665038375e-05    recall@50 : 9.4064227481e-05    ndcg@10 : 5.436340662e-05    ndcg@20 : 5.6018513032e-05    ndcg@50 : 6.7148136273e-05
Mon 20 Feb 2023 01:05:40 INFO  epoch 14 training [time: 42.96s, train loss: -1182.6678]
Mon 20 Feb 2023 01:05:40 INFO  epoch 14 evaluating [time: 0.21s, valid_score: 0.000057]
Mon 20 Feb 2023 01:05:40 INFO  valid result: 
recall@10 : 3.0495147986e-05    recall@20 : 5.1240461866e-05    recall@50 : 9.3227066077e-05    ndcg@10 : 5.5333338643e-05    ndcg@20 : 5.6664640516e-05    ndcg@50 : 6.7337863439e-05
Mon 20 Feb 2023 01:06:23 INFO  epoch 15 training [time: 43.04s, train loss: -1183.4171]
Mon 20 Feb 2023 01:06:23 INFO  epoch 15 evaluating [time: 0.21s, valid_score: 0.000057]
Mon 20 Feb 2023 01:06:23 INFO  valid result: 
recall@10 : 3.1040113125e-05    recall@20 : 5.0880947616e-05    recall@50 : 9.3628758871e-05    ndcg@10 : 5.4843526497e-05    ndcg@20 : 5.6812775587e-05    ndcg@50 : 6.7204826418e-05
Mon 20 Feb 2023 01:07:06 INFO  epoch 16 training [time: 43.08s, train loss: -1184.2973]
Mon 20 Feb 2023 01:07:07 INFO  epoch 16 evaluating [time: 0.22s, valid_score: 0.000058]
Mon 20 Feb 2023 01:07:07 INFO  valid result: 
recall@10 : 3.0665265892e-05    recall@20 : 5.169563386e-05    recall@50 : 9.484018966e-05    ndcg@10 : 5.6116205212e-05    ndcg@20 : 5.7783396037e-05    ndcg@50 : 6.8134497556e-05
Mon 20 Feb 2023 01:07:07 INFO  Saving current: saved/DirectAU-ml-1m-Feb-20-2023_00-55-01.pth
Mon 20 Feb 2023 01:07:50 INFO  epoch 17 training [time: 43.15s, train loss: -1185.0363]
Mon 20 Feb 2023 01:07:50 INFO  epoch 17 evaluating [time: 0.22s, valid_score: 0.000058]
Mon 20 Feb 2023 01:07:50 INFO  valid result: 
recall@10 : 3.0826767265e-05    recall@20 : 5.4089410536e-05    recall@50 : 9.5052951351e-05    ndcg@10 : 5.6171097985e-05    ndcg@20 : 5.7834428264e-05    ndcg@50 : 6.797227994e-05
Mon 20 Feb 2023 01:07:50 INFO  Saving current: saved/DirectAU-ml-1m-Feb-20-2023_00-55-01.pth
Mon 20 Feb 2023 01:08:33 INFO  epoch 18 training [time: 43.20s, train loss: -1185.7404]
Mon 20 Feb 2023 01:08:33 INFO  epoch 18 evaluating [time: 0.21s, valid_score: 0.000058]
Mon 20 Feb 2023 01:08:33 INFO  valid result: 
recall@10 : 3.1122377003e-05    recall@20 : 5.3515958983e-05    recall@50 : 9.6580142871e-05    ndcg@10 : 5.6074027371e-05    ndcg@20 : 5.821343449e-05    ndcg@50 : 6.9271317012e-05
Mon 20 Feb 2023 01:08:33 INFO  Saving current: saved/DirectAU-ml-1m-Feb-20-2023_00-55-01.pth
Mon 20 Feb 2023 01:09:17 INFO  epoch 19 training [time: 43.29s, train loss: -1186.3285]
Mon 20 Feb 2023 01:09:17 INFO  epoch 19 evaluating [time: 0.21s, valid_score: 0.000059]
Mon 20 Feb 2023 01:09:17 INFO  valid result: 
recall@10 : 2.9824959636e-05    recall@20 : 5.3914254036e-05    recall@50 : 9.5544315632e-05    ndcg@10 : 5.6024347484e-05    ndcg@20 : 5.8507550447e-05    ndcg@50 : 6.8584685792e-05
Mon 20 Feb 2023 01:09:17 INFO  Saving current: saved/DirectAU-ml-1m-Feb-20-2023_00-55-01.pth
Mon 20 Feb 2023 01:10:00 INFO  epoch 20 training [time: 43.36s, train loss: -1186.9118]
Mon 20 Feb 2023 01:10:01 INFO  epoch 20 evaluating [time: 0.20s, valid_score: 0.000058]
Mon 20 Feb 2023 01:10:01 INFO  valid result: 
recall@10 : 3.0634382733e-05    recall@20 : 5.4217367237e-05    recall@50 : 9.7125012722e-05    ndcg@10 : 5.5784263455e-05    ndcg@20 : 5.8382544961e-05    ndcg@50 : 6.9073982324e-05
Mon 20 Feb 2023 01:10:44 INFO  epoch 21 training [time: 43.37s, train loss: -1187.4088]
Mon 20 Feb 2023 01:10:44 INFO  epoch 21 evaluating [time: 0.21s, valid_score: 0.000058]
Mon 20 Feb 2023 01:10:44 INFO  valid result: 
recall@10 : 3.0518452707e-05    recall@20 : 5.4299245126e-05    recall@50 : 9.6490029277e-05    ndcg@10 : 5.5857440234e-05    ndcg@20 : 5.8037380211e-05    ndcg@50 : 6.8563926158e-05
Mon 20 Feb 2023 01:11:27 INFO  epoch 22 training [time: 43.33s, train loss: -1187.9858]
Mon 20 Feb 2023 01:11:28 INFO  epoch 22 evaluating [time: 0.19s, valid_score: 0.000058]
Mon 20 Feb 2023 01:11:28 INFO  valid result: 
recall@10 : 3.0795376636e-05    recall@20 : 5.2694202258e-05    recall@50 : 9.607276981e-05    ndcg@10 : 5.6381124826e-05    ndcg@20 : 5.827062792e-05    ndcg@50 : 6.8845865361e-05
Mon 20 Feb 2023 01:12:11 INFO  epoch 23 training [time: 43.36s, train loss: -1188.3938]
Mon 20 Feb 2023 01:12:11 INFO  epoch 23 evaluating [time: 0.22s, valid_score: 0.000058]
Mon 20 Feb 2023 01:12:11 INFO  valid result: 
recall@10 : 3.0557710137e-05    recall@20 : 5.2826362984e-05    recall@50 : 9.5892992095e-05    ndcg@10 : 5.5677314281e-05    ndcg@20 : 5.7565100081e-05    ndcg@50 : 6.8357042142e-05
Mon 20 Feb 2023 01:12:54 INFO  epoch 24 training [time: 43.27s, train loss: -1188.8873]
Mon 20 Feb 2023 01:12:55 INFO  epoch 24 evaluating [time: 0.21s, valid_score: 0.000059]
Mon 20 Feb 2023 01:12:55 INFO  valid result: 
recall@10 : 3.1219903682e-05    recall@20 : 5.3116696713e-05    recall@50 : 9.5957221191e-05    ndcg@10 : 5.7731867378e-05    ndcg@20 : 5.8600841664e-05    ndcg@50 : 6.8990413601e-05
Mon 20 Feb 2023 01:12:55 INFO  Saving current: saved/DirectAU-ml-1m-Feb-20-2023_00-55-01.pth
Mon 20 Feb 2023 01:13:38 INFO  epoch 25 training [time: 43.28s, train loss: -1189.3004]
Mon 20 Feb 2023 01:13:38 INFO  epoch 25 evaluating [time: 0.21s, valid_score: 0.000059]
Mon 20 Feb 2023 01:13:38 INFO  valid result: 
recall@10 : 3.1463898153e-05    recall@20 : 5.3453567208e-05    recall@50 : 9.8671903649e-05    ndcg@10 : 5.6598686942e-05    ndcg@20 : 5.8630384527e-05    ndcg@50 : 6.9644297819e-05
Mon 20 Feb 2023 01:13:38 INFO  Saving current: saved/DirectAU-ml-1m-Feb-20-2023_00-55-01.pth
Mon 20 Feb 2023 01:14:21 INFO  epoch 26 training [time: 43.23s, train loss: -1189.7019]
Mon 20 Feb 2023 01:14:22 INFO  epoch 26 evaluating [time: 0.22s, valid_score: 0.000059]
Mon 20 Feb 2023 01:14:22 INFO  valid result: 
recall@10 : 3.1514332459e-05    recall@20 : 5.3851049178e-05    recall@50 : 9.4242136971e-05    ndcg@10 : 5.6984565128e-05    ndcg@20 : 5.8790228789e-05    ndcg@50 : 6.8670531242e-05
Mon 20 Feb 2023 01:14:22 INFO  Saving current: saved/DirectAU-ml-1m-Feb-20-2023_00-55-01.pth
Mon 20 Feb 2023 01:15:05 INFO  epoch 27 training [time: 43.26s, train loss: -1190.0661]
Mon 20 Feb 2023 01:15:05 INFO  epoch 27 evaluating [time: 0.21s, valid_score: 0.000058]
Mon 20 Feb 2023 01:15:05 INFO  valid result: 
recall@10 : 3.0637864178e-05    recall@20 : 5.4162601188e-05    recall@50 : 9.4863392172e-05    ndcg@10 : 5.541300093e-05    ndcg@20 : 5.7784851134e-05    ndcg@50 : 6.7805698759e-05
Mon 20 Feb 2023 01:15:49 INFO  epoch 28 training [time: 43.31s, train loss: -1190.3574]
Mon 20 Feb 2023 01:15:49 INFO  epoch 28 evaluating [time: 0.21s, valid_score: 0.000058]
Mon 20 Feb 2023 01:15:49 INFO  valid result: 
recall@10 : 3.1069793052e-05    recall@20 : 5.4755098924e-05    recall@50 : 9.4906810123e-05    ndcg@10 : 5.503366735e-05    ndcg@20 : 5.7866383234e-05    ndcg@50 : 6.848307646e-05
Mon 20 Feb 2023 01:16:32 INFO  epoch 29 training [time: 43.29s, train loss: -1190.6949]
Mon 20 Feb 2023 01:16:32 INFO  epoch 29 evaluating [time: 0.21s, valid_score: 0.000059]
Mon 20 Feb 2023 01:16:32 INFO  valid result: 
recall@10 : 3.0243154392e-05    recall@20 : 5.4727134104e-05    recall@50 : 9.5679936357e-05    ndcg@10 : 5.5653603354e-05    ndcg@20 : 5.8989228616e-05    ndcg@50 : 6.8791647542e-05
Mon 20 Feb 2023 01:16:32 INFO  Saving current: saved/DirectAU-ml-1m-Feb-20-2023_00-55-01.pth
Mon 20 Feb 2023 01:17:16 INFO  epoch 30 training [time: 43.29s, train loss: -1191.0275]
Mon 20 Feb 2023 01:17:16 INFO  epoch 30 evaluating [time: 0.21s, valid_score: 0.000058]
Mon 20 Feb 2023 01:17:16 INFO  valid result: 
recall@10 : 3.1018293087e-05    recall@20 : 5.3273415915e-05    recall@50 : 9.6470672901e-05    ndcg@10 : 5.6287980698e-05    ndcg@20 : 5.7954766355e-05    ndcg@50 : 6.8849654313e-05
Mon 20 Feb 2023 01:17:59 INFO  epoch 31 training [time: 43.23s, train loss: -1191.3593]
Mon 20 Feb 2023 01:17:59 INFO  epoch 31 evaluating [time: 0.19s, valid_score: 0.000057]
Mon 20 Feb 2023 01:17:59 INFO  valid result: 
recall@10 : 3.1112623117e-05    recall@20 : 5.4354340301e-05    recall@50 : 9.707559744e-05    ndcg@10 : 5.5458986999e-05    ndcg@20 : 5.7482574005e-05    ndcg@50 : 6.8741685871e-05
Mon 20 Feb 2023 01:18:42 INFO  epoch 32 training [time: 43.28s, train loss: -1191.5540]
Mon 20 Feb 2023 01:18:43 INFO  epoch 32 evaluating [time: 0.19s, valid_score: 0.000057]
Mon 20 Feb 2023 01:18:43 INFO  valid result: 
recall@10 : 3.1964964369e-05    recall@20 : 5.3411835375e-05    recall@50 : 9.5990823721e-05    ndcg@10 : 5.5886097091e-05    ndcg@20 : 5.7435873683e-05    ndcg@50 : 6.8193455849e-05
Mon 20 Feb 2023 01:19:26 INFO  epoch 33 training [time: 43.31s, train loss: -1191.9084]
Mon 20 Feb 2023 01:19:26 INFO  epoch 33 evaluating [time: 0.19s, valid_score: 0.000057]
Mon 20 Feb 2023 01:19:26 INFO  valid result: 
recall@10 : 3.1037758573e-05    recall@20 : 5.2249835411e-05    recall@50 : 9.5948821827e-05    ndcg@10 : 5.5549799697e-05    ndcg@20 : 5.6718661037e-05    ndcg@50 : 6.8224408685e-05
Mon 20 Feb 2023 01:20:10 INFO  epoch 34 training [time: 43.42s, train loss: -1192.1322]
Mon 20 Feb 2023 01:20:10 INFO  epoch 34 evaluating [time: 0.19s, valid_score: 0.000058]
Mon 20 Feb 2023 01:20:10 INFO  valid result: 
recall@10 : 3.0396255851e-05    recall@20 : 5.3831884109e-05    recall@50 : 9.7283753369e-05    ndcg@10 : 5.5188381331e-05    ndcg@20 : 5.7561069113e-05    ndcg@50 : 6.9084519586e-05
Mon 20 Feb 2023 01:20:53 INFO  epoch 35 training [time: 43.44s, train loss: -1192.3626]
Mon 20 Feb 2023 01:20:53 INFO  epoch 35 evaluating [time: 0.21s, valid_score: 0.000058]
Mon 20 Feb 2023 01:20:53 INFO  valid result: 
recall@10 : 3.0602508482e-05    recall@20 : 5.4090195063e-05    recall@50 : 9.6046871823e-05    ndcg@10 : 5.5673527033e-05    ndcg@20 : 5.7767171122e-05    ndcg@50 : 6.8360989749e-05
Mon 20 Feb 2023 01:21:37 INFO  epoch 36 training [time: 43.35s, train loss: -1192.6831]
Mon 20 Feb 2023 01:21:37 INFO  epoch 36 evaluating [time: 0.20s, valid_score: 0.000058]
Mon 20 Feb 2023 01:21:37 INFO  valid result: 
recall@10 : 3.0632052594e-05    recall@20 : 5.3607248066e-05    recall@50 : 9.7297068536e-05    ndcg@10 : 5.5615652498e-05    ndcg@20 : 5.7613112339e-05    ndcg@50 : 6.9172635793e-05
Mon 20 Feb 2023 01:22:20 INFO  epoch 37 training [time: 43.39s, train loss: -1192.8903]
Mon 20 Feb 2023 01:22:21 INFO  epoch 37 evaluating [time: 0.21s, valid_score: 0.000059]
Mon 20 Feb 2023 01:22:21 INFO  valid result: 
recall@10 : 3.0468314665e-05    recall@20 : 5.4994550061e-05    recall@50 : 9.6812418997e-05    ndcg@10 : 5.5425690578e-05    ndcg@20 : 5.8890437988e-05    ndcg@50 : 6.8726950402e-05
Mon 20 Feb 2023 01:23:04 INFO  epoch 38 training [time: 43.38s, train loss: -1193.1087]
Mon 20 Feb 2023 01:23:04 INFO  epoch 38 evaluating [time: 0.21s, valid_score: 0.000059]
Mon 20 Feb 2023 01:23:04 INFO  valid result: 
recall@10 : 3.0697341016e-05    recall@20 : 5.4788302473e-05    recall@50 : 9.6766746474e-05    ndcg@10 : 5.5987148448e-05    ndcg@20 : 5.8807874538e-05    ndcg@50 : 6.893286695e-05
Mon 20 Feb 2023 01:23:48 INFO  epoch 39 training [time: 43.37s, train loss: -1193.2908]
Mon 20 Feb 2023 01:23:48 INFO  epoch 39 evaluating [time: 0.21s, valid_score: 0.000058]
Mon 20 Feb 2023 01:23:48 INFO  valid result: 
recall@10 : 3.1543091211e-05    recall@20 : 5.4360048589e-05    recall@50 : 9.7207521237e-05    ndcg@10 : 5.6785273143e-05    ndcg@20 : 5.8326428896e-05    ndcg@50 : 6.8900768532e-05
Mon 20 Feb 2023 01:24:31 INFO  epoch 40 training [time: 43.38s, train loss: -1193.4924]
Mon 20 Feb 2023 01:24:31 INFO  epoch 40 evaluating [time: 0.21s, valid_score: 0.000057]
Mon 20 Feb 2023 01:24:31 INFO  valid result: 
recall@10 : 3.0298508415e-05    recall@20 : 5.4212063524e-05    recall@50 : 9.5733866646e-05    ndcg@10 : 5.4460165922e-05    ndcg@20 : 5.7410293104e-05    ndcg@50 : 6.8070590181e-05
Mon 20 Feb 2023 01:24:31 INFO  Finished training, best eval result in epoch 29
Mon 20 Feb 2023 01:24:31 INFO  Total (train & valid) time: 1770.76s
Mon 20 Feb 2023 01:24:31 INFO  Loading model structure and parameters from saved/DirectAU-ml-1m-Feb-20-2023_00-55-01.pth
Mon 20 Feb 2023 01:24:32 INFO  best valid : OrderedDict([('recall@10', 3.0243154392e-05), ('recall@20', 5.4727134104e-05), ('recall@50', 9.5679936357e-05), ('ndcg@10', 5.5653603354e-05), ('ndcg@20', 5.8989228616e-05), ('ndcg@50', 6.8791647542e-05)])
Mon 20 Feb 2023 01:24:32 INFO  test result: OrderedDict([('recall@10', 0.095900409109018), ('recall@20', 0.157664249124405), ('recall@50', 0.271071397905665), ('ndcg@10', 0.097765443559174), ('ndcg@20', 0.115092850126552), ('ndcg@50', 0.149772397279521)])
