Sat 18 Feb 2023 16:17:25 INFO  
General Hyper Parameters:
gpu_id = 1
use_gpu = True
seed = 0
state = INFO
reproducibility = True
data_path = dataset/Gowalla2
checkpoint_dir = saved
show_progress = False
save_dataset = False
dataset_save_path = None
save_dataloaders = True
dataloaders_save_path = None
log_wandb = False

Training Hyper Parameters:
epochs = 500
train_batch_size = 1024
learner = adam
learning_rate = 0.001
neg_sampling = None
eval_step = 1
stopping_step = 10
clip_grad_norm = None
weight_decay = 0
loss_decimal_place = 4

Evaluation Hyper Parameters:
eval_args = {'split': {'RS': [0.8, 0.1, 0.1]}, 'group_by': 'user', 'order': 'RO', 'mode': 'full'}
repeatable = False
metrics = ['Recall', 'NDCG']
topk = [10, 20, 50]
valid_metric = NDCG@20
valid_metric_bigger = True
eval_batch_size = 1048576
metric_decimal_place = 15

Dataset Hyper Parameters:
field_separator = 	
seq_separator =  
USER_ID_FIELD = user_id
ITEM_ID_FIELD = item_id
RATING_FIELD = rating
TIME_FIELD = timestamp
seq_len = None
LABEL_FIELD = label
threshold = None
NEG_PREFIX = neg_
load_col = {'inter': ['user_id', 'item_id', 'timestamp']}
unload_col = None
unused_col = None
additional_feat_suffix = None
rm_dup_inter = last
val_interval = None
filter_inter_by_user_or_item = True
user_inter_num_interval = [5,inf)
item_inter_num_interval = [5,inf)
alias_of_user_id = None
alias_of_item_id = None
alias_of_entity_id = None
alias_of_relation_id = None
preload_weight = None
normalize_field = None
normalize_all = True
ITEM_LIST_LENGTH_FIELD = item_length
LIST_SUFFIX = _list
MAX_ITEM_LIST_LENGTH = 50
POSITION_FIELD = position_id
HEAD_ENTITY_ID_FIELD = head_id
TAIL_ENTITY_ID_FIELD = tail_id
RELATION_ID_FIELD = relation_id
ENTITY_ID_FIELD = entity_id
benchmark_filename = ['p1', 'p2', 'p3']

Other Hyper Parameters: 
save_pos_pairs = True
pos_pairs_save_path = None
wandb_project = recbole
require_pow = False
embedding_size = 64
encoder = LightGCN
n_layers = 2
gamma1 = 5
gamma2 = 5
freeze_epoch = 5
MODEL_TYPE = ModelType.GENERAL
eval = unbiased
MODEL_INPUT_TYPE = InputType.POINTWISE
eval_type = EvaluatorType.RANKING
device = cuda
train_neg_sample_args = {'strategy': 'none', 'in_batch': False}
eval_neg_sample_args = {'strategy': 'full', 'distribution': 'uniform'}


Sat 18 Feb 2023 16:17:28 INFO  Gowalla2
The number of users: 29859
Average actions of users: 30.96768035367406
The number of items: 40982
Average actions of items: 22.56248017373905
The number of inters: 924633
The sparsity of the dataset: 99.92443842852191%
Remain Fields: ['user_id', 'item_id']
Sat 18 Feb 2023 16:17:31 INFO  [Training]: train_batch_size = [1024] negative sampling: [None]
Sat 18 Feb 2023 16:17:31 INFO  [Evaluation]: eval_batch_size = [1048576] eval_args: [{'split': {'RS': [0.8, 0.1, 0.1]}, 'group_by': 'user', 'order': 'RO', 'mode': 'full'}]
Sat 18 Feb 2023 16:17:37 INFO  UCTRL(
  (encoder): LGCNEncoder(
    (user_embedding): Embedding(29859, 64)
    (item_embedding): Embedding(40982, 64)
  )
)
Trainable parameters: 4533824
Sat 18 Feb 2023 16:18:24 INFO  epoch 0 training [time: 44.49s, train loss: -24175.0608]
Sat 18 Feb 2023 16:18:37 INFO  epoch 0 evaluating [time: 13.27s, valid_score: 0.000665]
Sat 18 Feb 2023 16:18:37 INFO  valid result: 
recall@10 : 0.000749660494949    recall@20 : 0.001383261611181    recall@50 : 0.003147337487736    ndcg@10 : 0.000460801468199    ndcg@20 : 0.000664622971826    ndcg@50 : 0.00113232915301
Sat 18 Feb 2023 16:18:37 INFO  Saving current: saved/UCTRL-Gowalla2-Feb-18-2023_16-17-39.pth
Sat 18 Feb 2023 16:19:21 INFO  epoch 1 training [time: 43.53s, train loss: -24562.1053]
Sat 18 Feb 2023 16:19:36 INFO  epoch 1 evaluating [time: 15.62s, valid_score: 0.000697]
Sat 18 Feb 2023 16:19:36 INFO  valid result: 
recall@10 : 0.000783852997935    recall@20 : 0.001447776229664    recall@50 : 0.003438274756008    ndcg@10 : 0.000477808343382    ndcg@20 : 0.000696707505259    ndcg@50 : 0.001221565778958
Sat 18 Feb 2023 16:19:37 INFO  Saving current: saved/UCTRL-Gowalla2-Feb-18-2023_16-17-39.pth
Sat 18 Feb 2023 16:20:21 INFO  epoch 2 training [time: 43.95s, train loss: -24647.7646]
Sat 18 Feb 2023 16:20:36 INFO  epoch 2 evaluating [time: 15.56s, valid_score: 0.000732]
Sat 18 Feb 2023 16:20:36 INFO  valid result: 
recall@10 : 0.000850698256964    recall@20 : 0.001521164410185    recall@50 : 0.003450644186526    ndcg@10 : 0.000513579173507    ndcg@20 : 0.000732003949665    ndcg@50 : 0.001245362844755
Sat 18 Feb 2023 16:20:36 INFO  Saving current: saved/UCTRL-Gowalla2-Feb-18-2023_16-17-39.pth
Sat 18 Feb 2023 16:21:21 INFO  epoch 3 training [time: 44.20s, train loss: -24691.2175]
Sat 18 Feb 2023 16:21:37 INFO  epoch 3 evaluating [time: 16.11s, valid_score: 0.000745]
Sat 18 Feb 2023 16:21:37 INFO  valid result: 
recall@10 : 0.000796843404578    recall@20 : 0.001556054643851    recall@50 : 0.003483060118304    ndcg@10 : 0.000500431725762    ndcg@20 : 0.000745012127301    ndcg@50 : 0.001256863864223
Sat 18 Feb 2023 16:21:37 INFO  Saving current: saved/UCTRL-Gowalla2-Feb-18-2023_16-17-39.pth
Sat 18 Feb 2023 16:22:21 INFO  epoch 4 training [time: 44.37s, train loss: -24718.3686]
Sat 18 Feb 2023 16:22:38 INFO  epoch 4 evaluating [time: 16.51s, valid_score: 0.000744]
Sat 18 Feb 2023 16:22:38 INFO  valid result: 
recall@10 : 0.000774208619476    recall@20 : 0.001573013977903    recall@50 : 0.003531117755193    ndcg@10 : 0.000487264622641    ndcg@20 : 0.000744421172291    ndcg@50 : 0.001266665880886
Sat 18 Feb 2023 16:23:22 INFO  epoch 5 training [time: 44.48s, train loss: -24737.6060]
Sat 18 Feb 2023 16:23:37 INFO  epoch 5 evaluating [time: 14.42s, valid_score: 0.000745]
Sat 18 Feb 2023 16:23:37 INFO  valid result: 
recall@10 : 0.000821440202989    recall@20 : 0.001574368288787    recall@50 : 0.003483948360361    ndcg@10 : 0.000502002993993    ndcg@20 : 0.000745229952118    ndcg@50 : 0.001256571997816
Sat 18 Feb 2023 16:23:37 INFO  Saving current: saved/UCTRL-Gowalla2-Feb-18-2023_16-17-39.pth
Sat 18 Feb 2023 16:24:22 INFO  epoch 6 training [time: 44.69s, train loss: -24752.9079]
Sat 18 Feb 2023 16:24:35 INFO  epoch 6 evaluating [time: 13.75s, valid_score: 0.000751]
Sat 18 Feb 2023 16:24:35 INFO  valid result: 
recall@10 : 0.00080638485692    recall@20 : 0.001592818399283    recall@50 : 0.003516054680903    ndcg@10 : 0.000497736395215    ndcg@20 : 0.000750699424677    ndcg@50 : 0.001264108456926
Sat 18 Feb 2023 16:24:36 INFO  Saving current: saved/UCTRL-Gowalla2-Feb-18-2023_16-17-39.pth
Sat 18 Feb 2023 16:25:20 INFO  epoch 7 training [time: 44.76s, train loss: -24765.4266]
Sat 18 Feb 2023 16:25:34 INFO  epoch 7 evaluating [time: 13.81s, valid_score: 0.000749]
Sat 18 Feb 2023 16:25:34 INFO  valid result: 
recall@10 : 0.000810871015352    recall@20 : 0.001582494129679    recall@50 : 0.003540014298608    ndcg@10 : 0.000496706052613    ndcg@20 : 0.000748597600274    ndcg@50 : 0.001270621238402
Sat 18 Feb 2023 16:26:19 INFO  epoch 8 training [time: 44.80s, train loss: -24775.5701]
Sat 18 Feb 2023 16:26:33 INFO  epoch 8 evaluating [time: 14.42s, valid_score: 0.000731]
Sat 18 Feb 2023 16:26:33 INFO  valid result: 
recall@10 : 0.000795262906718    recall@20 : 0.001534454436707    recall@50 : 0.003552605068987    ndcg@10 : 0.000491373273134    ndcg@20 : 0.000731091855743    ndcg@50 : 0.001267479382201
Sat 18 Feb 2023 16:27:18 INFO  epoch 9 training [time: 44.72s, train loss: -24784.9895]
Sat 18 Feb 2023 16:27:33 INFO  epoch 9 evaluating [time: 14.62s, valid_score: 0.000750]
Sat 18 Feb 2023 16:27:33 INFO  valid result: 
recall@10 : 0.000805204065778    recall@20 : 0.001583641990365    recall@50 : 0.003547434840557    ndcg@10 : 0.000498408691857    ndcg@20 : 0.000749611074399    ndcg@50 : 0.001270575917386
Sat 18 Feb 2023 16:28:17 INFO  epoch 10 training [time: 44.77s, train loss: -24792.6983]
Sat 18 Feb 2023 16:28:31 INFO  epoch 10 evaluating [time: 13.31s, valid_score: 0.000740]
Sat 18 Feb 2023 16:28:31 INFO  valid result: 
recall@10 : 0.000786509616898    recall@20 : 0.001552103681797    recall@50 : 0.003556036975712    ndcg@10 : 0.000491328785143    ndcg@20 : 0.000740088286085    ndcg@50 : 0.001271294079459
Sat 18 Feb 2023 16:29:16 INFO  epoch 11 training [time: 44.77s, train loss: -24799.9306]
Sat 18 Feb 2023 16:29:29 INFO  epoch 11 evaluating [time: 13.33s, valid_score: 0.000745]
Sat 18 Feb 2023 16:29:29 INFO  valid result: 
recall@10 : 0.000762382382451    recall@20 : 0.001582510831849    recall@50 : 0.003552600659574    ndcg@10 : 0.000479198597746    ndcg@20 : 0.000744667856254    ndcg@50 : 0.001267481621279
Sat 18 Feb 2023 16:30:14 INFO  epoch 12 training [time: 44.79s, train loss: -24807.0950]
Sat 18 Feb 2023 16:30:27 INFO  epoch 12 evaluating [time: 13.73s, valid_score: 0.000732]
Sat 18 Feb 2023 16:30:27 INFO  valid result: 
recall@10 : 0.000795799495457    recall@20 : 0.001539781935705    recall@50 : 0.00354290512548    ndcg@10 : 0.0004909136063    ndcg@20 : 0.000732193644874    ndcg@50 : 0.001264129512012
Sat 18 Feb 2023 16:31:12 INFO  epoch 13 training [time: 44.82s, train loss: -24812.3326]
Sat 18 Feb 2023 16:31:27 INFO  epoch 13 evaluating [time: 14.47s, valid_score: 0.000725]
Sat 18 Feb 2023 16:31:27 INFO  valid result: 
recall@10 : 0.000791177906511    recall@20 : 0.001523170841279    recall@50 : 0.003532730883514    ndcg@10 : 0.00048915168289    ndcg@20 : 0.000725445724612    ndcg@50 : 0.001259296254914
Sat 18 Feb 2023 16:32:12 INFO  epoch 14 training [time: 44.84s, train loss: -24817.8485]
Sat 18 Feb 2023 16:32:25 INFO  epoch 14 evaluating [time: 13.79s, valid_score: 0.000732]
Sat 18 Feb 2023 16:32:25 INFO  valid result: 
recall@10 : 0.000792760412753    recall@20 : 0.001541921501068    recall@50 : 0.003562948973049    ndcg@10 : 0.00049132963218    ndcg@20 : 0.000731850754366    ndcg@50 : 0.001266873209624
Sat 18 Feb 2023 16:33:10 INFO  epoch 15 training [time: 44.86s, train loss: -24822.6110]
Sat 18 Feb 2023 16:33:24 INFO  epoch 15 evaluating [time: 13.71s, valid_score: 0.000739]
Sat 18 Feb 2023 16:33:24 INFO  valid result: 
recall@10 : 0.000769951076408    recall@20 : 0.001569833674846    recall@50 : 0.003557565934623    ndcg@10 : 0.000484371359653    ndcg@20 : 0.000738708916446    ndcg@50 : 0.001266759062845
Sat 18 Feb 2023 16:34:09 INFO  epoch 16 training [time: 44.86s, train loss: -24827.0524]
Sat 18 Feb 2023 16:34:23 INFO  epoch 16 evaluating [time: 13.73s, valid_score: 0.000733]
Sat 18 Feb 2023 16:34:23 INFO  valid result: 
recall@10 : 0.000778896812125    recall@20 : 0.001546513172745    recall@50 : 0.00354020284852    ndcg@10 : 0.000488163494769    ndcg@20 : 0.00073321681368    ndcg@50 : 0.001265157257916
Sat 18 Feb 2023 16:35:07 INFO  epoch 17 training [time: 44.83s, train loss: -24831.1371]
Sat 18 Feb 2023 16:35:22 INFO  epoch 17 evaluating [time: 14.58s, valid_score: 0.000746]
Sat 18 Feb 2023 16:35:22 INFO  valid result: 
recall@10 : 0.000802731374732    recall@20 : 0.001577773561839    recall@50 : 0.003549204645255    ndcg@10 : 0.000497975566996    ndcg@20 : 0.000746119649444    ndcg@50 : 0.001267333397975
Sat 18 Feb 2023 16:35:22 INFO  Finished training, best eval result in epoch 6
Sat 18 Feb 2023 16:35:22 INFO  Total (train & valid) time: 1062.58s
Sat 18 Feb 2023 16:35:22 INFO  Loading model structure and parameters from saved/UCTRL-Gowalla2-Feb-18-2023_16-17-39.pth
Sat 18 Feb 2023 16:35:34 INFO  best valid : OrderedDict([('recall@10', 0.00080638485692), ('recall@20', 0.001592818399283), ('recall@50', 0.003516054680903), ('ndcg@10', 0.000497736395215), ('ndcg@20', 0.000750699424677), ('ndcg@50', 0.001264108456926)])
Sat 18 Feb 2023 16:35:34 INFO  test result: OrderedDict([('recall@10', 0.048188634132488), ('recall@20', 0.082928227039806), ('recall@50', 0.164809085535239), ('ndcg@10', 0.034097658908094), ('ndcg@20', 0.045636590355408), ('ndcg@50', 0.06829289308781)])
