Sat 18 Feb 2023 16:42:13 INFO  
General Hyper Parameters:
gpu_id = 1
use_gpu = True
seed = 0
state = INFO
reproducibility = True
data_path = dataset/Gowalla2
checkpoint_dir = saved
show_progress = False
save_dataset = False
dataset_save_path = None
save_dataloaders = True
dataloaders_save_path = None
log_wandb = False

Training Hyper Parameters:
epochs = 500
train_batch_size = 1024
learner = adam
learning_rate = 0.001
neg_sampling = None
eval_step = 1
stopping_step = 10
clip_grad_norm = None
weight_decay = 0
loss_decimal_place = 4

Evaluation Hyper Parameters:
eval_args = {'split': {'RS': [0.8, 0.1, 0.1]}, 'group_by': 'user', 'order': 'RO', 'mode': 'full'}
repeatable = False
metrics = ['Recall', 'NDCG']
topk = [10, 20, 50]
valid_metric = NDCG@20
valid_metric_bigger = True
eval_batch_size = 1048576
metric_decimal_place = 15

Dataset Hyper Parameters:
field_separator = 	
seq_separator =  
USER_ID_FIELD = user_id
ITEM_ID_FIELD = item_id
RATING_FIELD = rating
TIME_FIELD = timestamp
seq_len = None
LABEL_FIELD = label
threshold = None
NEG_PREFIX = neg_
load_col = {'inter': ['user_id', 'item_id', 'timestamp']}
unload_col = None
unused_col = None
additional_feat_suffix = None
rm_dup_inter = last
val_interval = None
filter_inter_by_user_or_item = True
user_inter_num_interval = [5,inf)
item_inter_num_interval = [5,inf)
alias_of_user_id = None
alias_of_item_id = None
alias_of_entity_id = None
alias_of_relation_id = None
preload_weight = None
normalize_field = None
normalize_all = True
ITEM_LIST_LENGTH_FIELD = item_length
LIST_SUFFIX = _list
MAX_ITEM_LIST_LENGTH = 50
POSITION_FIELD = position_id
HEAD_ENTITY_ID_FIELD = head_id
TAIL_ENTITY_ID_FIELD = tail_id
RELATION_ID_FIELD = relation_id
ENTITY_ID_FIELD = entity_id
benchmark_filename = ['p1', 'p2', 'p3']

Other Hyper Parameters: 
save_pos_pairs = True
pos_pairs_save_path = None
wandb_project = recbole
require_pow = False
embedding_size = 64
encoder = LightGCN
n_layers = 2
gamma1 = 1
gamma2 = 5
freeze_epoch = 5
MODEL_TYPE = ModelType.GENERAL
eval = unbiased
MODEL_INPUT_TYPE = InputType.POINTWISE
eval_type = EvaluatorType.RANKING
device = cuda
train_neg_sample_args = {'strategy': 'none', 'in_batch': False}
eval_neg_sample_args = {'strategy': 'full', 'distribution': 'uniform'}


Sat 18 Feb 2023 16:42:16 INFO  Gowalla2
The number of users: 29859
Average actions of users: 30.96768035367406
The number of items: 40982
Average actions of items: 22.56248017373905
The number of inters: 924633
The sparsity of the dataset: 99.92443842852191%
Remain Fields: ['user_id', 'item_id']
Sat 18 Feb 2023 16:42:18 INFO  [Training]: train_batch_size = [1024] negative sampling: [None]
Sat 18 Feb 2023 16:42:18 INFO  [Evaluation]: eval_batch_size = [1048576] eval_args: [{'split': {'RS': [0.8, 0.1, 0.1]}, 'group_by': 'user', 'order': 'RO', 'mode': 'full'}]
Sat 18 Feb 2023 16:42:24 INFO  UCTRL(
  (encoder): LGCNEncoder(
    (user_embedding): Embedding(29859, 64)
    (item_embedding): Embedding(40982, 64)
  )
)
Trainable parameters: 4533824
Sat 18 Feb 2023 16:43:12 INFO  epoch 0 training [time: 44.69s, train loss: -13550.1046]
Sat 18 Feb 2023 16:43:25 INFO  epoch 0 evaluating [time: 13.49s, valid_score: 0.000639]
Sat 18 Feb 2023 16:43:25 INFO  valid result: 
recall@10 : 0.000652698119634    recall@20 : 0.001329682577252    recall@50 : 0.003017630518137    ndcg@10 : 0.000423418771603    ndcg@20 : 0.000638809642388    ndcg@50 : 0.001090274038342
Sat 18 Feb 2023 16:43:25 INFO  Saving current: saved/UCTRL-Gowalla2-Feb-18-2023_16-42-27.pth
Sat 18 Feb 2023 16:44:09 INFO  epoch 1 training [time: 43.74s, train loss: -13921.6208]
Sat 18 Feb 2023 16:44:24 INFO  epoch 1 evaluating [time: 15.51s, valid_score: 0.000668]
Sat 18 Feb 2023 16:44:24 INFO  valid result: 
recall@10 : 0.000728890405752    recall@20 : 0.001380965564317    recall@50 : 0.00323185742421    ndcg@10 : 0.000457462101928    ndcg@20 : 0.000668114542684    ndcg@50 : 0.001162761157942
Sat 18 Feb 2023 16:44:25 INFO  Saving current: saved/UCTRL-Gowalla2-Feb-18-2023_16-42-27.pth
