Sat 18 Feb 2023 19:54:17 INFO  
General Hyper Parameters:
gpu_id = 0
use_gpu = True
seed = 0
state = INFO
reproducibility = True
data_path = dataset/Gowalla2
checkpoint_dir = saved
show_progress = False
save_dataset = False
dataset_save_path = None
save_dataloaders = True
dataloaders_save_path = None
log_wandb = False

Training Hyper Parameters:
epochs = 500
train_batch_size = 1024
learner = adam
learning_rate = 0.001
neg_sampling = None
eval_step = 1
stopping_step = 10
clip_grad_norm = None
weight_decay = 0
loss_decimal_place = 4

Evaluation Hyper Parameters:
eval_args = {'split': {'RS': [0.8, 0.1, 0.1]}, 'group_by': 'user', 'order': 'RO', 'mode': 'full'}
repeatable = False
metrics = ['Recall', 'NDCG']
topk = [10, 20, 50]
valid_metric = NDCG@20
valid_metric_bigger = True
eval_batch_size = 1048576
metric_decimal_place = 15

Dataset Hyper Parameters:
field_separator = 	
seq_separator =  
USER_ID_FIELD = user_id
ITEM_ID_FIELD = item_id
RATING_FIELD = rating
TIME_FIELD = timestamp
seq_len = None
LABEL_FIELD = label
threshold = None
NEG_PREFIX = neg_
load_col = {'inter': ['user_id', 'item_id', 'timestamp']}
unload_col = None
unused_col = None
additional_feat_suffix = None
rm_dup_inter = last
val_interval = None
filter_inter_by_user_or_item = True
user_inter_num_interval = [5,inf)
item_inter_num_interval = [5,inf)
alias_of_user_id = None
alias_of_item_id = None
alias_of_entity_id = None
alias_of_relation_id = None
preload_weight = None
normalize_field = None
normalize_all = True
ITEM_LIST_LENGTH_FIELD = item_length
LIST_SUFFIX = _list
MAX_ITEM_LIST_LENGTH = 50
POSITION_FIELD = position_id
HEAD_ENTITY_ID_FIELD = head_id
TAIL_ENTITY_ID_FIELD = tail_id
RELATION_ID_FIELD = relation_id
ENTITY_ID_FIELD = entity_id
benchmark_filename = ['p1', 'p2', 'p3']

Other Hyper Parameters: 
save_pos_pairs = True
pos_pairs_save_path = None
wandb_project = recbole
require_pow = False
embedding_size = 64
encoder = MF
n_layers = 2
gamma1 = 4
gamma2 = 20
freeze_epoch = 5
MODEL_TYPE = ModelType.GENERAL
eval = unbiased
MODEL_INPUT_TYPE = InputType.POINTWISE
eval_type = EvaluatorType.RANKING
device = cuda
train_neg_sample_args = {'strategy': 'none', 'in_batch': False}
eval_neg_sample_args = {'strategy': 'full', 'distribution': 'uniform'}


Sat 18 Feb 2023 19:54:20 INFO  Gowalla2
The number of users: 29859
Average actions of users: 30.96768035367406
The number of items: 40982
Average actions of items: 22.56248017373905
The number of inters: 924633
The sparsity of the dataset: 99.92443842852191%
Remain Fields: ['user_id', 'item_id']
Sat 18 Feb 2023 19:54:22 INFO  [Training]: train_batch_size = [1024] negative sampling: [None]
Sat 18 Feb 2023 19:54:22 INFO  [Evaluation]: eval_batch_size = [1048576] eval_args: [{'split': {'RS': [0.8, 0.1, 0.1]}, 'group_by': 'user', 'order': 'RO', 'mode': 'full'}]
Sat 18 Feb 2023 19:54:25 INFO  UCTRL(
  (encoder): MFEncoder(
    (user_embedding): Embedding(29859, 64)
    (item_embedding): Embedding(40982, 64)
  )
)
Trainable parameters: 4533824
Sat 18 Feb 2023 19:54:55 INFO  epoch 0 training [time: 26.61s, train loss: -61056.1953]
Sat 18 Feb 2023 19:54:58 INFO  epoch 0 evaluating [time: 2.97s, valid_score: 0.000239]
Sat 18 Feb 2023 19:54:58 INFO  valid result: 
recall@10 : 0.000252720575121    recall@20 : 0.000436524824605    recall@50 : 0.00092403374505    ndcg@10 : 0.000176113326292    ndcg@20 : 0.000238845856545    ndcg@50 : 0.000373468605697
Sat 18 Feb 2023 19:54:58 INFO  Saving current: saved/UCTRL-Gowalla2-Feb-18-2023_19-54-28.pth
Sat 18 Feb 2023 19:55:23 INFO  epoch 1 training [time: 25.17s, train loss: -61700.5808]
Sat 18 Feb 2023 19:55:26 INFO  epoch 1 evaluating [time: 3.02s, valid_score: 0.000681]
Sat 18 Feb 2023 19:55:26 INFO  valid result: 
recall@10 : 0.00075151037539    recall@20 : 0.001295674352795    recall@50 : 0.002814911170449    ndcg@10 : 0.000503165455885    ndcg@20 : 0.000681384923381    ndcg@50 : 0.001084650524508
Sat 18 Feb 2023 19:55:26 INFO  Saving current: saved/UCTRL-Gowalla2-Feb-18-2023_19-54-28.pth
Sat 18 Feb 2023 19:55:51 INFO  epoch 2 training [time: 25.15s, train loss: -61873.7108]
Sat 18 Feb 2023 19:55:54 INFO  epoch 2 evaluating [time: 3.02s, valid_score: 0.000913]
Sat 18 Feb 2023 19:55:54 INFO  valid result: 
recall@10 : 0.001007334989597    recall@20 : 0.001777829447663    recall@50 : 0.003703847846676    ndcg@10 : 0.000660751508652    ndcg@20 : 0.000912543082082    ndcg@50 : 0.001422375656877
Sat 18 Feb 2023 19:55:54 INFO  Saving current: saved/UCTRL-Gowalla2-Feb-18-2023_19-54-28.pth
Sat 18 Feb 2023 19:56:20 INFO  epoch 3 training [time: 25.29s, train loss: -61945.1150]
Sat 18 Feb 2023 19:56:23 INFO  epoch 3 evaluating [time: 2.99s, valid_score: 0.001036]
Sat 18 Feb 2023 19:56:23 INFO  valid result: 
recall@10 : 0.001089298759064    recall@20 : 0.002011593499772    recall@50 : 0.004073705528636    ndcg@10 : 0.000738928094815    ndcg@20 : 0.001035547302992    ndcg@50 : 0.001584391188233
Sat 18 Feb 2023 19:56:23 INFO  Saving current: saved/UCTRL-Gowalla2-Feb-18-2023_19-54-28.pth
Sat 18 Feb 2023 19:56:48 INFO  epoch 4 training [time: 25.33s, train loss: -61986.6254]
Sat 18 Feb 2023 19:56:51 INFO  epoch 4 evaluating [time: 2.86s, valid_score: 0.001125]
Sat 18 Feb 2023 19:56:51 INFO  valid result: 
recall@10 : 0.001201342840374    recall@20 : 0.002173485511851    recall@50 : 0.004509651514251    ndcg@10 : 0.000812684690919    ndcg@20 : 0.001125377874361    ndcg@50 : 0.001736968276381
Sat 18 Feb 2023 19:56:51 INFO  Saving current: saved/UCTRL-Gowalla2-Feb-18-2023_19-54-28.pth
Sat 18 Feb 2023 19:57:17 INFO  epoch 5 training [time: 25.71s, train loss: -62015.6521]
Sat 18 Feb 2023 19:57:20 INFO  epoch 5 evaluating [time: 2.84s, valid_score: 0.001172]
Sat 18 Feb 2023 19:57:20 INFO  valid result: 
recall@10 : 0.001279467597361    recall@20 : 0.002271810341566    recall@50 : 0.004627855049776    ndcg@10 : 0.00085084221342    ndcg@20 : 0.001172070510089    ndcg@50 : 0.001799527331385
Sat 18 Feb 2023 19:57:20 INFO  Saving current: saved/UCTRL-Gowalla2-Feb-18-2023_19-54-28.pth
Sat 18 Feb 2023 19:57:46 INFO  epoch 6 training [time: 25.74s, train loss: -62036.7736]
Sat 18 Feb 2023 19:57:49 INFO  epoch 6 evaluating [time: 2.71s, valid_score: 0.001214]
Sat 18 Feb 2023 19:57:49 INFO  valid result: 
recall@10 : 0.001335444935939    recall@20 : 0.002358206747892    recall@50 : 0.004889253300115    ndcg@10 : 0.000884485967163    ndcg@20 : 0.001214161376028    ndcg@50 : 0.001878925387402
Sat 18 Feb 2023 19:57:49 INFO  Saving current: saved/UCTRL-Gowalla2-Feb-18-2023_19-54-28.pth
Sat 18 Feb 2023 19:58:14 INFO  epoch 7 training [time: 25.44s, train loss: -62053.1873]
Sat 18 Feb 2023 19:58:16 INFO  epoch 7 evaluating [time: 2.21s, valid_score: 0.001256]
Sat 18 Feb 2023 19:58:16 INFO  valid result: 
recall@10 : 0.001359494162585    recall@20 : 0.002414101132856    recall@50 : 0.005011137850997    ndcg@10 : 0.000915106623705    ndcg@20 : 0.001256085137663    ndcg@50 : 0.00194065559785
Sat 18 Feb 2023 19:58:17 INFO  Saving current: saved/UCTRL-Gowalla2-Feb-18-2023_19-54-28.pth
Sat 18 Feb 2023 19:58:42 INFO  epoch 8 training [time: 25.44s, train loss: -62066.4676]
Sat 18 Feb 2023 19:58:44 INFO  epoch 8 evaluating [time: 2.21s, valid_score: 0.001286]
Sat 18 Feb 2023 19:58:44 INFO  valid result: 
recall@10 : 0.001386719599416    recall@20 : 0.002468246737447    recall@50 : 0.005078434694985    ndcg@10 : 0.000941463135729    ndcg@20 : 0.001286457350116    ndcg@50 : 0.00197407444924
Sat 18 Feb 2023 19:58:45 INFO  Saving current: saved/UCTRL-Gowalla2-Feb-18-2023_19-54-28.pth
Sat 18 Feb 2023 19:59:10 INFO  epoch 9 training [time: 25.47s, train loss: -62078.7222]
Sat 18 Feb 2023 19:59:12 INFO  epoch 9 evaluating [time: 2.23s, valid_score: 0.001304]
Sat 18 Feb 2023 19:59:12 INFO  valid result: 
recall@10 : 0.001414198716114    recall@20 : 0.002492639573278    recall@50 : 0.005229489345595    ndcg@10 : 0.000953485187282    ndcg@20 : 0.001303753015549    ndcg@50 : 0.002019350762178
Sat 18 Feb 2023 19:59:12 INFO  Saving current: saved/UCTRL-Gowalla2-Feb-18-2023_19-54-28.pth
Sat 18 Feb 2023 19:59:38 INFO  epoch 10 training [time: 25.63s, train loss: -62088.7671]
Sat 18 Feb 2023 19:59:40 INFO  epoch 10 evaluating [time: 2.22s, valid_score: 0.001335]
Sat 18 Feb 2023 19:59:40 INFO  valid result: 
recall@10 : 0.001449365463258    recall@20 : 0.002588772343156    recall@50 : 0.005234352507497    ndcg@10 : 0.000967110887473    ndcg@20 : 0.001334539844009    ndcg@50 : 0.002028596912695
Sat 18 Feb 2023 19:59:41 INFO  Saving current: saved/UCTRL-Gowalla2-Feb-18-2023_19-54-28.pth
Sat 18 Feb 2023 20:00:06 INFO  epoch 11 training [time: 25.63s, train loss: -62097.3516]
Sat 18 Feb 2023 20:00:08 INFO  epoch 11 evaluating [time: 2.19s, valid_score: 0.001355]
Sat 18 Feb 2023 20:00:08 INFO  valid result: 
recall@10 : 0.001506844598128    recall@20 : 0.002577372288007    recall@50 : 0.005216930324236    ndcg@10 : 0.001004952770523    ndcg@20 : 0.001355126165087    ndcg@50 : 0.002052682482728
Sat 18 Feb 2023 20:00:09 INFO  Saving current: saved/UCTRL-Gowalla2-Feb-18-2023_19-54-28.pth
Sat 18 Feb 2023 20:00:34 INFO  epoch 12 training [time: 25.66s, train loss: -62105.7630]
Sat 18 Feb 2023 20:00:36 INFO  epoch 12 evaluating [time: 2.19s, valid_score: 0.001373]
Sat 18 Feb 2023 20:00:36 INFO  valid result: 
recall@10 : 0.001555699071782    recall@20 : 0.002605475675194    recall@50 : 0.005234652142287    ndcg@10 : 0.001026622927712    ndcg@20 : 0.001372534190684    ndcg@50 : 0.002067971889855
Sat 18 Feb 2023 20:00:37 INFO  Saving current: saved/UCTRL-Gowalla2-Feb-18-2023_19-54-28.pth
Sat 18 Feb 2023 20:01:02 INFO  epoch 13 training [time: 25.64s, train loss: -62112.9184]
Sat 18 Feb 2023 20:01:04 INFO  epoch 13 evaluating [time: 2.19s, valid_score: 0.001397]
Sat 18 Feb 2023 20:01:04 INFO  valid result: 
recall@10 : 0.001527500629021    recall@20 : 0.002668203027611    recall@50 : 0.005284525815996    ndcg@10 : 0.001029657590404    ndcg@20 : 0.001396705791218    ndcg@50 : 0.002092522964956
Sat 18 Feb 2023 20:01:05 INFO  Saving current: saved/UCTRL-Gowalla2-Feb-18-2023_19-54-28.pth
Sat 18 Feb 2023 20:01:30 INFO  epoch 14 training [time: 25.63s, train loss: -62119.4344]
Sat 18 Feb 2023 20:01:32 INFO  epoch 14 evaluating [time: 2.21s, valid_score: 0.001403]
Sat 18 Feb 2023 20:01:32 INFO  valid result: 
recall@10 : 0.00154426632454    recall@20 : 0.002662566183728    recall@50 : 0.005261652327857    ndcg@10 : 0.001039868132235    ndcg@20 : 0.001403119114586    ndcg@50 : 0.002098363783914
Sat 18 Feb 2023 20:01:33 INFO  Saving current: saved/UCTRL-Gowalla2-Feb-18-2023_19-54-28.pth
Sat 18 Feb 2023 20:01:58 INFO  epoch 15 training [time: 25.63s, train loss: -62124.5037]
Sat 18 Feb 2023 20:02:01 INFO  epoch 15 evaluating [time: 2.21s, valid_score: 0.001421]
Sat 18 Feb 2023 20:02:01 INFO  valid result: 
recall@10 : 0.001581689765132    recall@20 : 0.002693937612827    recall@50 : 0.005357469858603    ndcg@10 : 0.001057556572683    ndcg@20 : 0.001421412351038    ndcg@50 : 0.002130445182844
Sat 18 Feb 2023 20:02:01 INFO  Saving current: saved/UCTRL-Gowalla2-Feb-18-2023_19-54-28.pth
Sat 18 Feb 2023 20:02:26 INFO  epoch 16 training [time: 25.64s, train loss: -62130.3443]
Sat 18 Feb 2023 20:02:29 INFO  epoch 16 evaluating [time: 2.32s, valid_score: 0.001414]
Sat 18 Feb 2023 20:02:29 INFO  valid result: 
recall@10 : 0.001617785196994    recall@20 : 0.002657345252289    recall@50 : 0.005393169775708    ndcg@10 : 0.001072766456837    ndcg@20 : 0.001413817364358    ndcg@50 : 0.002136685089471
Sat 18 Feb 2023 20:02:54 INFO  epoch 17 training [time: 25.67s, train loss: -62135.8161]
Sat 18 Feb 2023 20:02:57 INFO  epoch 17 evaluating [time: 2.28s, valid_score: 0.001422]
Sat 18 Feb 2023 20:02:57 INFO  valid result: 
recall@10 : 0.001558748253933    recall@20 : 0.002667986465411    recall@50 : 0.005490501426657    ndcg@10 : 0.001059378279553    ndcg@20 : 0.001422448974849    ndcg@50 : 0.002167661651369
Sat 18 Feb 2023 20:02:57 INFO  Saving current: saved/UCTRL-Gowalla2-Feb-18-2023_19-54-28.pth
Sat 18 Feb 2023 20:03:23 INFO  epoch 18 training [time: 25.70s, train loss: -62139.4845]
Sat 18 Feb 2023 20:03:25 INFO  epoch 18 evaluating [time: 2.27s, valid_score: 0.001439]
Sat 18 Feb 2023 20:03:25 INFO  valid result: 
recall@10 : 0.001554527148351    recall@20 : 0.002695219654795    recall@50 : 0.005478834179398    ndcg@10 : 0.001067077403453    ndcg@20 : 0.001439263004478    ndcg@50 : 0.002177680601909
Sat 18 Feb 2023 20:03:25 INFO  Saving current: saved/UCTRL-Gowalla2-Feb-18-2023_19-54-28.pth
Sat 18 Feb 2023 20:03:51 INFO  epoch 19 training [time: 25.67s, train loss: -62143.4630]
Sat 18 Feb 2023 20:03:53 INFO  epoch 19 evaluating [time: 2.26s, valid_score: 0.001454]
Sat 18 Feb 2023 20:03:53 INFO  valid result: 
recall@10 : 0.001584734778416    recall@20 : 0.002739813533846    recall@50 : 0.005514531374564    ndcg@10 : 0.001081055255832    ndcg@20 : 0.001454454126887    ndcg@50 : 0.002188428914401
Sat 18 Feb 2023 20:03:53 INFO  Saving current: saved/UCTRL-Gowalla2-Feb-18-2023_19-54-28.pth
Sat 18 Feb 2023 20:04:19 INFO  epoch 20 training [time: 25.67s, train loss: -62147.6892]
Sat 18 Feb 2023 20:04:21 INFO  epoch 20 evaluating [time: 2.27s, valid_score: 0.001467]
Sat 18 Feb 2023 20:04:21 INFO  valid result: 
recall@10 : 0.00159554202424    recall@20 : 0.002743962884329    recall@50 : 0.00546727051473    ndcg@10 : 0.001098802969512    ndcg@20 : 0.001466665417636    ndcg@50 : 0.00219461718578
Sat 18 Feb 2023 20:04:21 INFO  Saving current: saved/UCTRL-Gowalla2-Feb-18-2023_19-54-28.pth
Sat 18 Feb 2023 20:04:47 INFO  epoch 21 training [time: 25.70s, train loss: -62151.3578]
Sat 18 Feb 2023 20:04:49 INFO  epoch 21 evaluating [time: 2.27s, valid_score: 0.001471]
Sat 18 Feb 2023 20:04:49 INFO  valid result: 
recall@10 : 0.001610442668432    recall@20 : 0.002758861711782    recall@50 : 0.005442168149306    ndcg@10 : 0.001099557481399    ndcg@20 : 0.001471345031824    ndcg@50 : 0.002191792038001
Sat 18 Feb 2023 20:04:50 INFO  Saving current: saved/UCTRL-Gowalla2-Feb-18-2023_19-54-28.pth
Sat 18 Feb 2023 20:05:15 INFO  epoch 22 training [time: 25.67s, train loss: -62154.1497]
Sat 18 Feb 2023 20:05:18 INFO  epoch 22 evaluating [time: 2.27s, valid_score: 0.001492]
Sat 18 Feb 2023 20:05:18 INFO  valid result: 
recall@10 : 0.00164199283652    recall@20 : 0.002751912962938    recall@50 : 0.005498115371354    ndcg@10 : 0.001128849731782    ndcg@20 : 0.001492162185861    ndcg@50 : 0.002223206680251
Sat 18 Feb 2023 20:05:18 INFO  Saving current: saved/UCTRL-Gowalla2-Feb-18-2023_19-54-28.pth
Sat 18 Feb 2023 20:05:43 INFO  epoch 23 training [time: 25.70s, train loss: -62156.9785]
Sat 18 Feb 2023 20:05:46 INFO  epoch 23 evaluating [time: 2.27s, valid_score: 0.001512]
Sat 18 Feb 2023 20:05:46 INFO  valid result: 
recall@10 : 0.001651417484328    recall@20 : 0.002818212154354    recall@50 : 0.005607324120938    ndcg@10 : 0.00113312087894    ndcg@20 : 0.001512112440524    ndcg@50 : 0.002244281498777
Sat 18 Feb 2023 20:05:46 INFO  Saving current: saved/UCTRL-Gowalla2-Feb-18-2023_19-54-28.pth
Sat 18 Feb 2023 20:06:12 INFO  epoch 24 training [time: 25.67s, train loss: -62159.9394]
Sat 18 Feb 2023 20:06:14 INFO  epoch 24 evaluating [time: 2.29s, valid_score: 0.001512]
Sat 18 Feb 2023 20:06:14 INFO  valid result: 
recall@10 : 0.00166261032695    recall@20 : 0.002796761475854    recall@50 : 0.005607970348639    ndcg@10 : 0.001142605685212    ndcg@20 : 0.001511798983947    ndcg@50 : 0.002256972850812
Sat 18 Feb 2023 20:06:40 INFO  epoch 25 training [time: 25.66s, train loss: -62162.4998]
Sat 18 Feb 2023 20:06:42 INFO  epoch 25 evaluating [time: 2.26s, valid_score: 0.001528]
Sat 18 Feb 2023 20:06:42 INFO  valid result: 
recall@10 : 0.001684651208078    recall@20 : 0.002850452474265    recall@50 : 0.005548425418036    ndcg@10 : 0.001152988632859    ndcg@20 : 0.001528278280777    ndcg@50 : 0.002249024903501
Sat 18 Feb 2023 20:06:42 INFO  Saving current: saved/UCTRL-Gowalla2-Feb-18-2023_19-54-28.pth
Sat 18 Feb 2023 20:07:08 INFO  epoch 26 training [time: 25.68s, train loss: -62165.2839]
Sat 18 Feb 2023 20:07:10 INFO  epoch 26 evaluating [time: 2.26s, valid_score: 0.001534]
Sat 18 Feb 2023 20:07:10 INFO  valid result: 
recall@10 : 0.001663155966169    recall@20 : 0.002858630757461    recall@50 : 0.005592926536195    ndcg@10 : 0.001149901279096    ndcg@20 : 0.001534388413487    ndcg@50 : 0.002260947738592
Sat 18 Feb 2023 20:07:10 INFO  Saving current: saved/UCTRL-Gowalla2-Feb-18-2023_19-54-28.pth
Sat 18 Feb 2023 20:07:36 INFO  epoch 27 training [time: 25.68s, train loss: -62167.3418]
Sat 18 Feb 2023 20:07:38 INFO  epoch 27 evaluating [time: 2.27s, valid_score: 0.001543]
Sat 18 Feb 2023 20:07:38 INFO  valid result: 
recall@10 : 0.001658431300095    recall@20 : 0.002892718512812    recall@50 : 0.005600528525684    ndcg@10 : 0.00114548250771    ndcg@20 : 0.001543130194468    ndcg@50 : 0.00226530729443
Sat 18 Feb 2023 20:07:38 INFO  Saving current: saved/UCTRL-Gowalla2-Feb-18-2023_19-54-28.pth
Sat 18 Feb 2023 20:08:04 INFO  epoch 28 training [time: 25.66s, train loss: -62170.1886]
Sat 18 Feb 2023 20:08:06 INFO  epoch 28 evaluating [time: 2.26s, valid_score: 0.001521]
Sat 18 Feb 2023 20:08:06 INFO  valid result: 
recall@10 : 0.001639915847705    recall@20 : 0.002810110343017    recall@50 : 0.005643573957165    ndcg@10 : 0.00113954594819    ndcg@20 : 0.001520979191462    ndcg@50 : 0.002269767963658
Sat 18 Feb 2023 20:08:32 INFO  epoch 29 training [time: 25.65s, train loss: -62172.7439]
Sat 18 Feb 2023 20:08:34 INFO  epoch 29 evaluating [time: 2.27s, valid_score: 0.001525]
Sat 18 Feb 2023 20:08:34 INFO  valid result: 
recall@10 : 0.001654686277782    recall@20 : 0.002829087218989    recall@50 : 0.005632023045619    ndcg@10 : 0.0011432906231    ndcg@20 : 0.001524713678895    ndcg@50 : 0.002266034757213
Sat 18 Feb 2023 20:09:00 INFO  epoch 30 training [time: 25.67s, train loss: -62174.1021]
Sat 18 Feb 2023 20:09:02 INFO  epoch 30 evaluating [time: 2.26s, valid_score: 0.001537]
Sat 18 Feb 2023 20:09:02 INFO  valid result: 
recall@10 : 0.001668777934622    recall@20 : 0.002835767627621    recall@50 : 0.005597776281593    ndcg@10 : 0.001158933085648    ndcg@20 : 0.001537257109039    ndcg@50 : 0.002271014806999
Sat 18 Feb 2023 20:09:28 INFO  epoch 31 training [time: 25.69s, train loss: -62174.9409]
Sat 18 Feb 2023 20:09:30 INFO  epoch 31 evaluating [time: 2.27s, valid_score: 0.001537]
Sat 18 Feb 2023 20:09:30 INFO  valid result: 
recall@10 : 0.001681595000065    recall@20 : 0.002843538193731    recall@50 : 0.005684845144837    ndcg@10 : 0.001159314113687    ndcg@20 : 0.001536585521839    ndcg@50 : 0.002289863489604
Sat 18 Feb 2023 20:09:56 INFO  epoch 32 training [time: 25.67s, train loss: -62177.7153]
Sat 18 Feb 2023 20:09:58 INFO  epoch 32 evaluating [time: 2.26s, valid_score: 0.001536]
Sat 18 Feb 2023 20:09:58 INFO  valid result: 
recall@10 : 0.001697876986781    recall@20 : 0.002844121928066    recall@50 : 0.00566663051293    ndcg@10 : 0.001166932039991    ndcg@20 : 0.00153590786303    ndcg@50 : 0.00228667699369
Sat 18 Feb 2023 20:10:24 INFO  epoch 33 training [time: 25.67s, train loss: -62179.1913]
Sat 18 Feb 2023 20:10:26 INFO  epoch 33 evaluating [time: 2.27s, valid_score: 0.001536]
Sat 18 Feb 2023 20:10:26 INFO  valid result: 
recall@10 : 0.001716159581595    recall@20 : 0.00284317130413    recall@50 : 0.005626735845315    ndcg@10 : 0.001169270999729    ndcg@20 : 0.001535857385123    ndcg@50 : 0.002279086776495
Sat 18 Feb 2023 20:10:52 INFO  epoch 34 training [time: 25.69s, train loss: -62180.8263]
Sat 18 Feb 2023 20:10:54 INFO  epoch 34 evaluating [time: 2.27s, valid_score: 0.001559]
Sat 18 Feb 2023 20:10:54 INFO  valid result: 
recall@10 : 0.001714345932723    recall@20 : 0.00290820515691    recall@50 : 0.005686416568754    ndcg@10 : 0.001173520389799    ndcg@20 : 0.001559456585248    ndcg@50 : 0.002298364935012
Sat 18 Feb 2023 20:10:54 INFO  Saving current: saved/UCTRL-Gowalla2-Feb-18-2023_19-54-28.pth
Sat 18 Feb 2023 20:11:20 INFO  epoch 35 training [time: 25.67s, train loss: -62182.7993]
Sat 18 Feb 2023 20:11:22 INFO  epoch 35 evaluating [time: 2.27s, valid_score: 0.001568]
Sat 18 Feb 2023 20:11:22 INFO  valid result: 
recall@10 : 0.001731091438348    recall@20 : 0.002918191916031    recall@50 : 0.005665723921687    ndcg@10 : 0.001187625885266    ndcg@20 : 0.001568183730091    ndcg@50 : 0.002302303973155
Sat 18 Feb 2023 20:11:22 INFO  Saving current: saved/UCTRL-Gowalla2-Feb-18-2023_19-54-28.pth
Sat 18 Feb 2023 20:11:48 INFO  epoch 36 training [time: 25.66s, train loss: -62185.1630]
Sat 18 Feb 2023 20:11:50 INFO  epoch 36 evaluating [time: 2.27s, valid_score: 0.001577]
Sat 18 Feb 2023 20:11:50 INFO  valid result: 
recall@10 : 0.001720738237048    recall@20 : 0.002934556616052    recall@50 : 0.005667317674744    ndcg@10 : 0.001184586359328    ndcg@20 : 0.001577021106931    ndcg@50 : 0.002304056128322
Sat 18 Feb 2023 20:11:50 INFO  Saving current: saved/UCTRL-Gowalla2-Feb-18-2023_19-54-28.pth
Sat 18 Feb 2023 20:12:16 INFO  epoch 37 training [time: 25.68s, train loss: -62185.7047]
Sat 18 Feb 2023 20:12:18 INFO  epoch 37 evaluating [time: 2.27s, valid_score: 0.001556]
Sat 18 Feb 2023 20:12:18 INFO  valid result: 
recall@10 : 0.00170852602146    recall@20 : 0.002893862824743    recall@50 : 0.005705817169122    ndcg@10 : 0.001172378909361    ndcg@20 : 0.001555581273069    ndcg@50 : 0.002303804026634
Sat 18 Feb 2023 20:12:44 INFO  epoch 38 training [time: 25.68s, train loss: -62186.7723]
Sat 18 Feb 2023 20:12:46 INFO  epoch 38 evaluating [time: 2.25s, valid_score: 0.001573]
Sat 18 Feb 2023 20:12:46 INFO  valid result: 
recall@10 : 0.001701768156146    recall@20 : 0.00293484738348    recall@50 : 0.005724210846142    ndcg@10 : 0.001174604140127    ndcg@20 : 0.001573499537509    ndcg@50 : 0.002310638397519
Sat 18 Feb 2023 20:13:12 INFO  epoch 39 training [time: 25.67s, train loss: -62187.0522]
Sat 18 Feb 2023 20:13:14 INFO  epoch 39 evaluating [time: 2.27s, valid_score: 0.001561]
Sat 18 Feb 2023 20:13:14 INFO  valid result: 
recall@10 : 0.001703623725379    recall@20 : 0.002911315209518    recall@50 : 0.005737046958957    ndcg@10 : 0.001172692345628    ndcg@20 : 0.001561161488573    ndcg@50 : 0.002309701206262
Sat 18 Feb 2023 20:13:40 INFO  epoch 40 training [time: 25.66s, train loss: -62189.2697]
Sat 18 Feb 2023 20:13:42 INFO  epoch 40 evaluating [time: 2.26s, valid_score: 0.001570]
Sat 18 Feb 2023 20:13:42 INFO  valid result: 
recall@10 : 0.001705773660353    recall@20 : 0.002901510562198    recall@50 : 0.005745037211976    ndcg@10 : 0.001185548860097    ndcg@20 : 0.001570398085815    ndcg@50 : 0.002329996396279
Sat 18 Feb 2023 20:14:08 INFO  epoch 41 training [time: 25.65s, train loss: -62190.4280]
Sat 18 Feb 2023 20:14:10 INFO  epoch 41 evaluating [time: 2.25s, valid_score: 0.001564]
Sat 18 Feb 2023 20:14:10 INFO  valid result: 
recall@10 : 0.001684902789479    recall@20 : 0.002888259650526    recall@50 : 0.005689042989152    ndcg@10 : 0.001172967894868    ndcg@20 : 0.001563649643459    ndcg@50 : 0.002310809246568
Sat 18 Feb 2023 20:14:36 INFO  epoch 42 training [time: 25.67s, train loss: -62191.6407]
Sat 18 Feb 2023 20:14:38 INFO  epoch 42 evaluating [time: 2.26s, valid_score: 0.001559]
Sat 18 Feb 2023 20:14:38 INFO  valid result: 
recall@10 : 0.001685464140481    recall@20 : 0.002928130662984    recall@50 : 0.005672162664167    ndcg@10 : 0.00115879901303    ndcg@20 : 0.001559219338167    ndcg@50 : 0.002292886582586
Sat 18 Feb 2023 20:15:04 INFO  epoch 43 training [time: 25.68s, train loss: -62192.9055]
Sat 18 Feb 2023 20:15:06 INFO  epoch 43 evaluating [time: 2.24s, valid_score: 0.001579]
Sat 18 Feb 2023 20:15:06 INFO  valid result: 
recall@10 : 0.001701527982429    recall@20 : 0.002957770252463    recall@50 : 0.005687244839596    ndcg@10 : 0.001174094146337    ndcg@20 : 0.00157936865898    ndcg@50 : 0.002306753925585
Sat 18 Feb 2023 20:15:06 INFO  Saving current: saved/UCTRL-Gowalla2-Feb-18-2023_19-54-28.pth
Sat 18 Feb 2023 20:15:32 INFO  epoch 44 training [time: 25.67s, train loss: -62194.6571]
Sat 18 Feb 2023 20:15:34 INFO  epoch 44 evaluating [time: 2.25s, valid_score: 0.001566]
Sat 18 Feb 2023 20:15:34 INFO  valid result: 
recall@10 : 0.001723196990766    recall@20 : 0.002920133217636    recall@50 : 0.005687383104303    ndcg@10 : 0.001175761813573    ndcg@20 : 0.001565831817877    ndcg@50 : 0.002300920268418
Sat 18 Feb 2023 20:16:00 INFO  epoch 45 training [time: 25.67s, train loss: -62194.2172]
Sat 18 Feb 2023 20:16:02 INFO  epoch 45 evaluating [time: 2.27s, valid_score: 0.001571]
Sat 18 Feb 2023 20:16:02 INFO  valid result: 
recall@10 : 0.00172699978029    recall@20 : 0.002907034126052    recall@50 : 0.00563783478375    ndcg@10 : 0.001181607944493    ndcg@20 : 0.001570634493285    ndcg@50 : 0.002298019583027
Sat 18 Feb 2023 20:16:28 INFO  epoch 46 training [time: 25.66s, train loss: -62195.8612]
Sat 18 Feb 2023 20:16:30 INFO  epoch 46 evaluating [time: 2.27s, valid_score: 0.001563]
Sat 18 Feb 2023 20:16:30 INFO  valid result: 
recall@10 : 0.00167963887015    recall@20 : 0.002887272264488    recall@50 : 0.005668925445134    ndcg@10 : 0.001172522123463    ndcg@20 : 0.001562588346946    ndcg@50 : 0.002302145701874
Sat 18 Feb 2023 20:16:56 INFO  epoch 47 training [time: 25.68s, train loss: -62197.4304]
Sat 18 Feb 2023 20:16:58 INFO  epoch 47 evaluating [time: 2.29s, valid_score: 0.001542]
Sat 18 Feb 2023 20:16:58 INFO  valid result: 
recall@10 : 0.001714397375339    recall@20 : 0.002836938191819    recall@50 : 0.005734319301798    ndcg@10 : 0.001170412927521    ndcg@20 : 0.00154191205331    ndcg@50 : 0.002305248579954
Sat 18 Feb 2023 20:17:24 INFO  epoch 48 training [time: 25.66s, train loss: -62197.6808]
Sat 18 Feb 2023 20:17:26 INFO  epoch 48 evaluating [time: 2.18s, valid_score: 0.001559]
Sat 18 Feb 2023 20:17:26 INFO  valid result: 
recall@10 : 0.001735486041319    recall@20 : 0.002894656507811    recall@50 : 0.005794566325032    ndcg@10 : 0.001177539757934    ndcg@20 : 0.0015589015621    ndcg@50 : 0.002323872577561
Sat 18 Feb 2023 20:17:51 INFO  epoch 49 training [time: 25.64s, train loss: -62199.2891]
Sat 18 Feb 2023 20:17:54 INFO  epoch 49 evaluating [time: 2.21s, valid_score: 0.001581]
Sat 18 Feb 2023 20:17:54 INFO  valid result: 
recall@10 : 0.001738121507296    recall@20 : 0.002946051456928    recall@50 : 0.005787155319214    ndcg@10 : 0.001189301164015    ndcg@20 : 0.001581171461582    ndcg@50 : 0.002332580885865
Sat 18 Feb 2023 20:17:54 INFO  Saving current: saved/UCTRL-Gowalla2-Feb-18-2023_19-54-28.pth
Sat 18 Feb 2023 20:18:20 INFO  epoch 50 training [time: 25.65s, train loss: -62199.7657]
Sat 18 Feb 2023 20:18:22 INFO  epoch 50 evaluating [time: 2.17s, valid_score: 0.001579]
Sat 18 Feb 2023 20:18:22 INFO  valid result: 
recall@10 : 0.001700358546393    recall@20 : 0.002949093546277    recall@50 : 0.005815555710135    ndcg@10 : 0.001177347877236    ndcg@20 : 0.001578768862197    ndcg@50 : 0.002337839533142
Sat 18 Feb 2023 20:18:47 INFO  epoch 51 training [time: 25.61s, train loss: -62199.7188]
Sat 18 Feb 2023 20:18:49 INFO  epoch 51 evaluating [time: 2.18s, valid_score: 0.001567]
Sat 18 Feb 2023 20:18:49 INFO  valid result: 
recall@10 : 0.001701473343678    recall@20 : 0.00292147247891    recall@50 : 0.005843390126694    ndcg@10 : 0.001171125819832    ndcg@20 : 0.001567269909041    ndcg@50 : 0.002339225354193
Sat 18 Feb 2023 20:19:15 INFO  epoch 52 training [time: 25.63s, train loss: -62201.8940]
Sat 18 Feb 2023 20:19:17 INFO  epoch 52 evaluating [time: 2.19s, valid_score: 0.001579]
Sat 18 Feb 2023 20:19:17 INFO  valid result: 
recall@10 : 0.001727435535866    recall@20 : 0.002949465869299    recall@50 : 0.005779017815114    ndcg@10 : 0.001184629556162    ndcg@20 : 0.001578660354478    ndcg@50 : 0.002331192170869
Sat 18 Feb 2023 20:19:43 INFO  epoch 53 training [time: 25.60s, train loss: -62202.8170]
Sat 18 Feb 2023 20:19:45 INFO  epoch 53 evaluating [time: 2.18s, valid_score: 0.001585]
Sat 18 Feb 2023 20:19:45 INFO  valid result: 
recall@10 : 0.001756120507501    recall@20 : 0.002971170104312    recall@50 : 0.005771734238176    ndcg@10 : 0.00119614563525    ndcg@20 : 0.001585013939805    ndcg@50 : 0.00233115699744
Sat 18 Feb 2023 20:19:45 INFO  Saving current: saved/UCTRL-Gowalla2-Feb-18-2023_19-54-28.pth
Sat 18 Feb 2023 20:20:11 INFO  epoch 54 training [time: 25.63s, train loss: -62203.5690]
Sat 18 Feb 2023 20:20:13 INFO  epoch 54 evaluating [time: 2.19s, valid_score: 0.001576]
Sat 18 Feb 2023 20:20:13 INFO  valid result: 
recall@10 : 0.001742528512075    recall@20 : 0.002968345403848    recall@50 : 0.005835701882846    ndcg@10 : 0.001181075707898    ndcg@20 : 0.001575830703732    ndcg@50 : 0.002337552754599
Sat 18 Feb 2023 20:20:39 INFO  epoch 55 training [time: 25.65s, train loss: -62203.9346]
Sat 18 Feb 2023 20:20:41 INFO  epoch 55 evaluating [time: 2.18s, valid_score: 0.001581]
Sat 18 Feb 2023 20:20:41 INFO  valid result: 
recall@10 : 0.001728655749892    recall@20 : 0.002963063432389    recall@50 : 0.005795707147753    ndcg@10 : 0.001186800586269    ndcg@20 : 0.001581415720453    ndcg@50 : 0.002334453152133
Sat 18 Feb 2023 20:21:07 INFO  epoch 56 training [time: 25.61s, train loss: -62204.8020]
Sat 18 Feb 2023 20:21:09 INFO  epoch 56 evaluating [time: 2.20s, valid_score: 0.001591]
Sat 18 Feb 2023 20:21:09 INFO  valid result: 
recall@10 : 0.001739537286631    recall@20 : 0.002996227791041    recall@50 : 0.005790320685991    ndcg@10 : 0.001188227156468    ndcg@20 : 0.00159068309314    ndcg@50 : 0.002335827506829
Sat 18 Feb 2023 20:21:09 INFO  Saving current: saved/UCTRL-Gowalla2-Feb-18-2023_19-54-28.pth
Sat 18 Feb 2023 20:21:35 INFO  epoch 57 training [time: 25.63s, train loss: -62205.4011]
Sat 18 Feb 2023 20:21:37 INFO  epoch 57 evaluating [time: 2.18s, valid_score: 0.001610]
Sat 18 Feb 2023 20:21:37 INFO  valid result: 
recall@10 : 0.001739320602846    recall@20 : 0.003014498033565    recall@50 : 0.005855449520082    ndcg@10 : 0.001201786083029    ndcg@20 : 0.001609576158263    ndcg@50 : 0.002364191610743
Sat 18 Feb 2023 20:21:37 INFO  Saving current: saved/UCTRL-Gowalla2-Feb-18-2023_19-54-28.pth
Sat 18 Feb 2023 20:22:03 INFO  epoch 58 training [time: 25.64s, train loss: -62206.5283]
Sat 18 Feb 2023 20:22:05 INFO  epoch 58 evaluating [time: 2.18s, valid_score: 0.001599]
Sat 18 Feb 2023 20:22:05 INFO  valid result: 
recall@10 : 0.001771942069712    recall@20 : 0.003008352861669    recall@50 : 0.005840778725478    ndcg@10 : 0.001198435426122    ndcg@20 : 0.001598772500016    ndcg@50 : 0.002347849690224
Sat 18 Feb 2023 20:22:30 INFO  epoch 59 training [time: 25.61s, train loss: -62207.1996]
Sat 18 Feb 2023 20:22:33 INFO  epoch 59 evaluating [time: 2.19s, valid_score: 0.001599]
Sat 18 Feb 2023 20:22:33 INFO  valid result: 
recall@10 : 0.001732791344286    recall@20 : 0.002985337467181    recall@50 : 0.005871018297871    ndcg@10 : 0.001192039371251    ndcg@20 : 0.001599492061901    ndcg@50 : 0.002359829653164
Sat 18 Feb 2023 20:22:58 INFO  epoch 60 training [time: 25.63s, train loss: -62206.9513]
Sat 18 Feb 2023 20:23:00 INFO  epoch 60 evaluating [time: 2.20s, valid_score: 0.001605]
Sat 18 Feb 2023 20:23:00 INFO  valid result: 
recall@10 : 0.001760340715179    recall@20 : 0.002978456933606    recall@50 : 0.005830870481286    ndcg@10 : 0.001210677494569    ndcg@20 : 0.001605445523794    ndcg@50 : 0.002362260740943
Sat 18 Feb 2023 20:23:26 INFO  epoch 61 training [time: 25.64s, train loss: -62207.9362]
Sat 18 Feb 2023 20:23:28 INFO  epoch 61 evaluating [time: 2.17s, valid_score: 0.001619]
Sat 18 Feb 2023 20:23:28 INFO  valid result: 
recall@10 : 0.001776085190343    recall@20 : 0.002992744979935    recall@50 : 0.005885126899069    ndcg@10 : 0.001225652574543    ndcg@20 : 0.001619295969558    ndcg@50 : 0.002383619751293
Sat 18 Feb 2023 20:23:29 INFO  Saving current: saved/UCTRL-Gowalla2-Feb-18-2023_19-54-28.pth
Sat 18 Feb 2023 20:23:54 INFO  epoch 62 training [time: 25.61s, train loss: -62208.9298]
Sat 18 Feb 2023 20:23:56 INFO  epoch 62 evaluating [time: 2.19s, valid_score: 0.001607]
Sat 18 Feb 2023 20:23:56 INFO  valid result: 
recall@10 : 0.001772377380839    recall@20 : 0.002970707435606    recall@50 : 0.005879185099776    ndcg@10 : 0.001216960506992    ndcg@20 : 0.001606914938612    ndcg@50 : 0.002375142365704
Sat 18 Feb 2023 20:24:22 INFO  epoch 63 training [time: 25.63s, train loss: -62208.9271]
Sat 18 Feb 2023 20:24:24 INFO  epoch 63 evaluating [time: 2.20s, valid_score: 0.001612]
Sat 18 Feb 2023 20:24:24 INFO  valid result: 
recall@10 : 0.00177654735096    recall@20 : 0.002989553653263    recall@50 : 0.005858995260683    ndcg@10 : 0.001218620084227    ndcg@20 : 0.001611645469058    ndcg@50 : 0.00237140092229
Sat 18 Feb 2023 20:24:50 INFO  epoch 64 training [time: 25.64s, train loss: -62209.3453]
Sat 18 Feb 2023 20:24:52 INFO  epoch 64 evaluating [time: 2.19s, valid_score: 0.001616]
Sat 18 Feb 2023 20:24:52 INFO  valid result: 
recall@10 : 0.001763130298492    recall@20 : 0.003008279916858    recall@50 : 0.0058313756096    ndcg@10 : 0.001211151580263    ndcg@20 : 0.001616484704404    ndcg@50 : 0.00236633820996
Sat 18 Feb 2023 20:25:18 INFO  epoch 65 training [time: 25.62s, train loss: -62210.7629]
Sat 18 Feb 2023 20:25:20 INFO  epoch 65 evaluating [time: 2.18s, valid_score: 0.001606]
Sat 18 Feb 2023 20:25:20 INFO  valid result: 
recall@10 : 0.001763946099852    recall@20 : 0.00298410948955    recall@50 : 0.005829935197984    ndcg@10 : 0.001209363777649    ndcg@20 : 0.001606022205878    ndcg@50 : 0.002363333102109
Sat 18 Feb 2023 20:25:45 INFO  epoch 66 training [time: 25.64s, train loss: -62211.0507]
Sat 18 Feb 2023 20:25:48 INFO  epoch 66 evaluating [time: 2.18s, valid_score: 0.001613]
Sat 18 Feb 2023 20:25:48 INFO  valid result: 
recall@10 : 0.001766756042866    recall@20 : 0.002989918865007    recall@50 : 0.005819381139228    ndcg@10 : 0.001218014195489    ndcg@20 : 0.001613484325766    ndcg@50 : 0.002363675878659
Sat 18 Feb 2023 20:26:13 INFO  epoch 67 training [time: 25.60s, train loss: -62210.5518]
Sat 18 Feb 2023 20:26:15 INFO  epoch 67 evaluating [time: 2.20s, valid_score: 0.001605]
Sat 18 Feb 2023 20:26:15 INFO  valid result: 
recall@10 : 0.001794369970267    recall@20 : 0.002970655607416    recall@50 : 0.005846460634859    ndcg@10 : 0.001222420166572    ndcg@20 : 0.001604541598347    ndcg@50 : 0.002369084139368
Sat 18 Feb 2023 20:26:41 INFO  epoch 68 training [time: 25.63s, train loss: -62212.9025]
Sat 18 Feb 2023 20:26:43 INFO  epoch 68 evaluating [time: 2.18s, valid_score: 0.001608]
Sat 18 Feb 2023 20:26:43 INFO  valid result: 
recall@10 : 0.00175843119076    recall@20 : 0.002993852287978    recall@50 : 0.005870955882486    ndcg@10 : 0.001206969443499    ndcg@20 : 0.001607971643074    ndcg@50 : 0.002371557498229
Sat 18 Feb 2023 20:27:09 INFO  epoch 69 training [time: 25.64s, train loss: -62213.1365]
Sat 18 Feb 2023 20:27:11 INFO  epoch 69 evaluating [time: 2.19s, valid_score: 0.001600]
Sat 18 Feb 2023 20:27:11 INFO  valid result: 
recall@10 : 0.001750637935605    recall@20 : 0.002974612132853    recall@50 : 0.005834102513146    ndcg@10 : 0.001204617706269    ndcg@20 : 0.00159970131787    ndcg@50 : 0.00236103614321
Sat 18 Feb 2023 20:27:37 INFO  epoch 70 training [time: 25.61s, train loss: -62213.6659]
Sat 18 Feb 2023 20:27:39 INFO  epoch 70 evaluating [time: 2.18s, valid_score: 0.001601]
Sat 18 Feb 2023 20:27:39 INFO  valid result: 
recall@10 : 0.001744775139805    recall@20 : 0.002965111114844    recall@50 : 0.005832840632405    ndcg@10 : 0.0012048785806    ndcg@20 : 0.001601236768972    ndcg@50 : 0.002362649396655
Sat 18 Feb 2023 20:28:04 INFO  epoch 71 training [time: 25.64s, train loss: -62213.1496]
Sat 18 Feb 2023 20:28:07 INFO  epoch 71 evaluating [time: 2.18s, valid_score: 0.001610]
Sat 18 Feb 2023 20:28:07 INFO  valid result: 
recall@10 : 0.001735748406942    recall@20 : 0.002994705605908    recall@50 : 0.005857428640672    ndcg@10 : 0.001204241356827    ndcg@20 : 0.001610136589324    ndcg@50 : 0.002366931078195
Sat 18 Feb 2023 20:28:32 INFO  epoch 72 training [time: 25.61s, train loss: -62214.2476]
Sat 18 Feb 2023 20:28:34 INFO  epoch 72 evaluating [time: 2.20s, valid_score: 0.001609]
Sat 18 Feb 2023 20:28:34 INFO  valid result: 
recall@10 : 0.001784060880652    recall@20 : 0.002979068153621    recall@50 : 0.00586404716626    ndcg@10 : 0.001221165208533    ndcg@20 : 0.001608556146194    ndcg@50 : 0.002372556849669
Sat 18 Feb 2023 20:28:34 INFO  Finished training, best eval result in epoch 61
Sat 18 Feb 2023 20:28:34 INFO  Total (train & valid) time: 2046.53s
Sat 18 Feb 2023 20:28:35 INFO  Loading model structure and parameters from saved/UCTRL-Gowalla2-Feb-18-2023_19-54-28.pth
Sat 18 Feb 2023 20:28:36 INFO  best valid : OrderedDict([('recall@10', 0.001776085190343), ('recall@20', 0.002992744979935), ('recall@50', 0.005885126899069), ('ndcg@10', 0.001225652574543), ('ndcg@20', 0.001619295969558), ('ndcg@50', 0.002383619751293)])
Sat 18 Feb 2023 20:28:36 INFO  test result: OrderedDict([('recall@10', 0.083632191225679), ('recall@20', 0.131534356318567), ('recall@50', 0.224732546979613), ('ndcg@10', 0.061839292249793), ('ndcg@20', 0.077550445685757), ('ndcg@50', 0.103516836782514)])
